<?xml version="1.0" encoding="UTF-8"?>
<coverage generated="1519729979952" clover="3.2.0">
  <project timestamp="1519729979952" name="All files">
    <metrics statements="177" coveredstatements="151" conditionals="74" coveredconditionals="64" methods="108" coveredmethods="76" elements="359" coveredelements="291" complexity="0" loc="177" ncloc="177" packages="7" files="25" classes="25">
      <package name="actions">
        <metrics statements="45" coveredstatements="40" conditionals="10" coveredconditionals="5" methods="28" coveredmethods="26"/>
        <file name="auth.js" path="/media/joana/Storage/Projects/tests/react-course-projects/expensify-app/src/actions/auth.js">
          <metrics statements="11" coveredstatements="6" conditionals="3" coveredconditionals="0" methods="6" coveredmethods="4"/>
          <line num="3" count="3" type="stmt"/>
          <line num="11" count="3" type="stmt"/>
          <line num="15" count="3" type="stmt"/>
          <line num="16" count="1" type="stmt"/>
          <line num="17" count="0" type="cond" truecount="0" falsecount="3"/>
          <line num="19" count="0" type="stmt"/>
          <line num="21" count="0" type="stmt"/>
          <line num="23" count="0" type="stmt"/>
          <line num="28" count="3" type="stmt"/>
          <line num="29" count="1" type="stmt"/>
          <line num="30" count="0" type="stmt"/>
        </file>
        <file name="expenses.js" path="/media/joana/Storage/Projects/tests/react-course-projects/expensify-app/src/actions/expenses.js">
          <metrics statements="29" coveredstatements="29" conditionals="6" coveredconditionals="4" methods="17" coveredmethods="17"/>
          <line num="4" count="3" type="stmt"/>
          <line num="9" count="3" type="cond" truecount="0" falsecount="1"/>
          <line num="10" count="2" type="stmt"/>
          <line num="11" count="2" type="stmt"/>
          <line num="17" count="2" type="stmt"/>
          <line num="19" count="2" type="stmt"/>
          <line num="26" count="2" type="stmt"/>
          <line num="28" count="2" type="stmt"/>
          <line num="37" count="3" type="stmt"/>
          <line num="42" count="3" type="cond" truecount="0" falsecount="1"/>
          <line num="43" count="1" type="stmt"/>
          <line num="44" count="1" type="stmt"/>
          <line num="45" count="1" type="stmt"/>
          <line num="47" count="1" type="stmt"/>
          <line num="52" count="3" type="stmt"/>
          <line num="58" count="3" type="stmt"/>
          <line num="59" count="1" type="stmt"/>
          <line num="60" count="1" type="stmt"/>
          <line num="61" count="1" type="stmt"/>
          <line num="62" count="1" type="stmt"/>
          <line num="66" count="3" type="stmt"/>
          <line num="71" count="3" type="stmt"/>
          <line num="72" count="1" type="stmt"/>
          <line num="73" count="1" type="stmt"/>
          <line num="74" count="1" type="stmt"/>
          <line num="76" count="1" type="stmt"/>
          <line num="77" count="1" type="stmt"/>
          <line num="78" count="3" type="stmt"/>
          <line num="84" count="1" type="stmt"/>
        </file>
        <file name="filters.js" path="/media/joana/Storage/Projects/tests/react-course-projects/expensify-app/src/actions/filters.js">
          <metrics statements="5" coveredstatements="5" conditionals="1" coveredconditionals="1" methods="5" coveredmethods="5"/>
          <line num="1" count="3" type="cond" truecount="1" falsecount="0"/>
          <line num="6" count="3" type="stmt"/>
          <line num="10" count="3" type="stmt"/>
          <line num="14" count="3" type="stmt"/>
          <line num="19" count="3" type="stmt"/>
        </file>
      </package>
      <package name="components">
        <metrics statements="87" coveredstatements="66" conditionals="29" coveredconditionals="25" methods="69" coveredmethods="39"/>
        <file name="AddExpensePage.js" path="/media/joana/Storage/Projects/tests/react-course-projects/expensify-app/src/components/AddExpensePage.js">
          <metrics statements="6" coveredstatements="4" conditionals="0" coveredconditionals="0" methods="5" coveredmethods="2"/>
          <line num="8" count="1" type="stmt"/>
          <line num="9" count="1" type="stmt"/>
          <line num="13" count="0" type="stmt"/>
          <line num="17" count="2" type="stmt"/>
          <line num="35" count="1" type="stmt"/>
          <line num="36" count="0" type="stmt"/>
        </file>
        <file name="EditExpensePage.js" path="/media/joana/Storage/Projects/tests/react-course-projects/expensify-app/src/components/EditExpensePage.js">
          <metrics statements="13" coveredstatements="5" conditionals="0" coveredconditionals="0" methods="13" coveredmethods="2"/>
          <line num="13" count="0" type="stmt"/>
          <line num="17" count="0" type="stmt"/>
          <line num="21" count="0" type="stmt"/>
          <line num="22" count="0" type="stmt"/>
          <line num="26" count="1" type="stmt"/>
          <line num="27" count="1" type="stmt"/>
          <line num="31" count="0" type="stmt"/>
          <line num="47" count="2" type="stmt"/>
          <line num="69" count="1" type="stmt"/>
          <line num="70" count="0" type="stmt"/>
          <line num="73" count="1" type="stmt"/>
          <line num="74" count="0" type="stmt"/>
          <line num="75" count="0" type="stmt"/>
        </file>
        <file name="ExpenseDashboardPage.js" path="/media/joana/Storage/Projects/tests/react-course-projects/expensify-app/src/components/ExpenseDashboardPage.js">
          <metrics statements="2" coveredstatements="2" conditionals="0" coveredconditionals="0" methods="1" coveredmethods="1"/>
          <line num="6" count="1" type="stmt"/>
          <line num="7" count="1" type="stmt"/>
        </file>
        <file name="ExpenseForm.js" path="/media/joana/Storage/Projects/tests/react-course-projects/expensify-app/src/components/ExpenseForm.js">
          <metrics statements="19" coveredstatements="18" conditionals="20" coveredconditionals="19" methods="16" coveredmethods="15"/>
          <line num="16" count="10" type="stmt"/>
          <line num="18" count="10" type="stmt"/>
          <line num="29" count="1" type="stmt"/>
          <line num="30" count="1" type="stmt"/>
          <line num="34" count="1" type="stmt"/>
          <line num="35" count="1" type="stmt"/>
          <line num="39" count="2" type="stmt"/>
          <line num="40" count="2" type="cond" truecount="4" falsecount="0"/>
          <line num="41" count="1" type="stmt"/>
          <line num="46" count="1" type="cond" truecount="1" falsecount="1"/>
          <line num="47" count="1" type="stmt"/>
          <line num="52" count="1" type="stmt"/>
          <line num="56" count="2" type="stmt"/>
          <line num="58" count="2" type="cond" truecount="4" falsecount="0"/>
          <line num="59" count="1" type="stmt"/>
          <line num="61" count="1" type="stmt"/>
          <line num="62" count="1" type="stmt"/>
          <line num="72" count="17" type="stmt"/>
          <line num="98" count="0" type="stmt"/>
        </file>
        <file name="ExpenseList.js" path="/media/joana/Storage/Projects/tests/react-course-projects/expensify-app/src/components/ExpenseList.js">
          <metrics statements="4" coveredstatements="4" conditionals="2" coveredconditionals="2" methods="3" coveredmethods="2"/>
          <line num="6" count="2" type="stmt"/>
          <line num="7" count="2" type="stmt"/>
          <line num="21" count="3" type="stmt"/>
          <line num="29" count="2" type="stmt"/>
        </file>
        <file name="ExpenseListFilters.js" path="/media/joana/Storage/Projects/tests/react-course-projects/expensify-app/src/components/ExpenseListFilters.js">
          <metrics statements="15" coveredstatements="9" conditionals="4" coveredconditionals="3" methods="14" coveredmethods="6"/>
          <line num="12" count="1" type="stmt"/>
          <line num="13" count="1" type="stmt"/>
          <line num="17" count="1" type="stmt"/>
          <line num="21" count="1" type="stmt"/>
          <line num="25" count="2" type="cond" truecount="2" falsecount="0"/>
          <line num="26" count="1" type="cond" truecount="1" falsecount="1"/>
          <line num="30" count="10" type="stmt"/>
          <line num="51" count="0" type="stmt"/>
          <line num="60" count="2" type="stmt"/>
          <line num="64" count="2" type="stmt"/>
          <line num="65" count="0" type="stmt"/>
          <line num="66" count="0" type="stmt"/>
          <line num="67" count="0" type="stmt"/>
          <line num="68" count="0" type="stmt"/>
          <line num="69" count="0" type="stmt"/>
        </file>
        <file name="ExpenseListItem.js" path="/media/joana/Storage/Projects/tests/react-course-projects/expensify-app/src/components/ExpenseListItem.js">
          <metrics statements="2" coveredstatements="2" conditionals="0" coveredconditionals="0" methods="1" coveredmethods="1"/>
          <line num="6" count="3" type="stmt"/>
          <line num="7" count="1" type="stmt"/>
        </file>
        <file name="ExpensesSummary.js" path="/media/joana/Storage/Projects/tests/react-course-projects/expensify-app/src/components/ExpensesSummary.js">
          <metrics statements="5" coveredstatements="3" conditionals="2" coveredconditionals="0" methods="2" coveredmethods="1"/>
          <line num="8" count="2" type="stmt"/>
          <line num="9" count="2" type="stmt"/>
          <line num="21" count="2" type="stmt"/>
          <line num="22" count="0" type="stmt"/>
          <line num="23" count="0" type="stmt"/>
        </file>
        <file name="Header.js" path="/media/joana/Storage/Projects/tests/react-course-projects/expensify-app/src/components/Header.js">
          <metrics statements="5" coveredstatements="4" conditionals="0" coveredconditionals="0" methods="4" coveredmethods="1"/>
          <line num="6" count="1" type="stmt"/>
          <line num="7" count="2" type="stmt"/>
          <line num="23" count="1" type="stmt"/>
          <line num="28" count="1" type="stmt"/>
          <line num="29" count="0" type="stmt"/>
        </file>
        <file name="LoadingPage.js" path="/media/joana/Storage/Projects/tests/react-course-projects/expensify-app/src/components/LoadingPage.js">
          <metrics statements="2" coveredstatements="2" conditionals="0" coveredconditionals="0" methods="1" coveredmethods="1"/>
          <line num="3" count="1" type="stmt"/>
          <line num="4" count="2" type="stmt"/>
        </file>
        <file name="LoginPage.js" path="/media/joana/Storage/Projects/tests/react-course-projects/expensify-app/src/components/LoginPage.js">
          <metrics statements="7" coveredstatements="6" conditionals="0" coveredconditionals="0" methods="6" coveredmethods="4"/>
          <line num="5" count="1" type="stmt"/>
          <line num="6" count="3" type="stmt"/>
          <line num="10" count="1" type="stmt"/>
          <line num="11" count="1" type="stmt"/>
          <line num="12" count="1" type="stmt"/>
          <line num="17" count="1" type="stmt"/>
          <line num="18" count="0" type="stmt"/>
        </file>
        <file name="NotFoundPage.js" path="/media/joana/Storage/Projects/tests/react-course-projects/expensify-app/src/components/NotFoundPage.js">
          <metrics statements="2" coveredstatements="2" conditionals="0" coveredconditionals="0" methods="1" coveredmethods="1"/>
          <line num="4" count="1" type="stmt"/>
          <line num="5" count="1" type="stmt"/>
        </file>
        <file name="Prompt.js" path="/media/joana/Storage/Projects/tests/react-course-projects/expensify-app/src/components/Prompt.js">
          <metrics statements="5" coveredstatements="5" conditionals="1" coveredconditionals="1" methods="2" coveredmethods="2"/>
          <line num="5" count="2" type="cond" truecount="1" falsecount="0"/>
          <line num="6" count="3" type="stmt"/>
          <line num="7" count="2" type="stmt"/>
          <line num="10" count="3" type="stmt"/>
          <line num="30" count="2" type="stmt"/>
        </file>
      </package>
      <package name="firebase">
        <metrics statements="6" coveredstatements="6" conditionals="0" coveredconditionals="0" methods="0" coveredmethods="0"/>
        <file name="firebase.js" path="/media/joana/Storage/Projects/tests/react-course-projects/expensify-app/src/firebase/firebase.js">
          <metrics statements="6" coveredstatements="6" conditionals="0" coveredconditionals="0" methods="0" coveredmethods="0"/>
          <line num="4" count="6" type="stmt"/>
          <line num="13" count="6" type="stmt"/>
          <line num="15" count="6" type="stmt"/>
          <line num="16" count="6" type="stmt"/>
          <line num="17" count="6" type="stmt"/>
          <line num="18" count="6" type="stmt"/>
        </file>
      </package>
      <package name="reducers">
        <metrics statements="22" coveredstatements="22" conditionals="19" coveredconditionals="19" methods="5" coveredmethods="5"/>
        <file name="auth.js" path="/media/joana/Storage/Projects/tests/react-course-projects/expensify-app/src/reducers/auth.js">
          <metrics statements="4" coveredstatements="4" conditionals="4" coveredconditionals="4" methods="1" coveredmethods="1"/>
          <line num="2" count="3" type="cond" truecount="3" falsecount="0"/>
          <line num="4" count="1" type="stmt"/>
          <line num="11" count="1" type="stmt"/>
          <line num="13" count="1" type="stmt"/>
        </file>
        <file name="expenses.js" path="/media/joana/Storage/Projects/tests/react-course-projects/expensify-app/src/reducers/expenses.js">
          <metrics statements="10" coveredstatements="10" conditionals="8" coveredconditionals="8" methods="3" coveredmethods="3"/>
          <line num="1" count="1" type="stmt"/>
          <line num="4" count="7" type="cond" truecount="5" falsecount="0"/>
          <line num="6" count="1" type="stmt"/>
          <line num="8" count="6" type="stmt"/>
          <line num="10" count="2" type="stmt"/>
          <line num="11" count="6" type="cond" truecount="2" falsecount="0"/>
          <line num="12" count="1" type="stmt"/>
          <line num="16" count="5" type="stmt"/>
          <line num="19" count="1" type="stmt"/>
          <line num="21" count="1" type="stmt"/>
        </file>
        <file name="filters.js" path="/media/joana/Storage/Projects/tests/react-course-projects/expensify-app/src/reducers/filters.js">
          <metrics statements="8" coveredstatements="8" conditionals="7" coveredconditionals="7" methods="1" coveredmethods="1"/>
          <line num="3" count="1" type="stmt"/>
          <line num="11" count="6" type="cond" truecount="6" falsecount="0"/>
          <line num="13" count="1" type="stmt"/>
          <line num="18" count="1" type="stmt"/>
          <line num="23" count="1" type="stmt"/>
          <line num="28" count="1" type="stmt"/>
          <line num="33" count="1" type="stmt"/>
          <line num="38" count="1" type="stmt"/>
        </file>
      </package>
      <package name="selectors">
        <metrics statements="13" coveredstatements="13" conditionals="16" coveredconditionals="15" methods="6" coveredmethods="6"/>
        <file name="expenses-total.js" path="/media/joana/Storage/Projects/tests/react-course-projects/expensify-app/src/selectors/expenses-total.js">
          <metrics statements="3" coveredstatements="3" conditionals="1" coveredconditionals="1" methods="3" coveredmethods="3"/>
          <line num="2" count="4" type="stmt"/>
          <line num="3" count="4" type="stmt"/>
          <line num="4" count="4" type="stmt"/>
        </file>
        <file name="expenses.js" path="/media/joana/Storage/Projects/tests/react-course-projects/expensify-app/src/selectors/expenses.js">
          <metrics statements="10" coveredstatements="10" conditionals="15" coveredconditionals="14" methods="3" coveredmethods="3"/>
          <line num="5" count="6" type="stmt"/>
          <line num="6" count="15" type="stmt"/>
          <line num="7" count="15" type="cond" truecount="2" falsecount="0"/>
          <line num="8" count="15" type="cond" truecount="2" falsecount="0"/>
          <line num="9" count="15" type="stmt"/>
          <line num="11" count="15" type="cond" truecount="3" falsecount="0"/>
          <line num="13" count="9" type="cond" truecount="2" falsecount="0"/>
          <line num="14" count="6" type="cond" truecount="2" falsecount="0"/>
          <line num="15" count="3" type="cond" truecount="1" falsecount="1"/>
          <line num="16" count="3" type="cond" truecount="2" falsecount="0"/>
        </file>
      </package>
      <package name="tests">
        <metrics statements="2" coveredstatements="2" conditionals="0" coveredconditionals="0" methods="0" coveredmethods="0"/>
        <file name="setupTests.js" path="/media/joana/Storage/Projects/tests/react-course-projects/expensify-app/src/tests/setupTests.js">
          <metrics statements="2" coveredstatements="2" conditionals="0" coveredconditionals="0" methods="0" coveredmethods="0"/>
          <line num="5" count="21" type="stmt"/>
          <line num="10" count="21" type="stmt"/>
        </file>
      </package>
      <package name="tests.fixtures">
        <metrics statements="2" coveredstatements="2" conditionals="0" coveredconditionals="0" methods="0" coveredmethods="0"/>
        <file name="expenses.js" path="/media/joana/Storage/Projects/tests/react-course-projects/expensify-app/src/tests/fixtures/expenses.js">
          <metrics statements="0" coveredstatements="0" conditionals="0" coveredconditionals="0" methods="0" coveredmethods="0"/>
        </file>
        <file name="filters.js" path="/media/joana/Storage/Projects/tests/react-course-projects/expensify-app/src/tests/fixtures/filters.js">
          <metrics statements="2" coveredstatements="2" conditionals="0" coveredconditionals="0" methods="0" coveredmethods="0"/>
          <line num="3" count="1" type="stmt"/>
          <line num="10" count="1" type="stmt"/>
        </file>
      </package>
    </metrics>
  </project>
</coverage>
