{"/media/joana/Storage/Projects/tests/react-course-projects/expensify-app/src/actions/auth.js": {"path":"/media/joana/Storage/Projects/tests/react-course-projects/expensify-app/src/actions/auth.js","statementMap":{"0":{"start":{"line":3,"column":21},"end":{"line":9,"column":2}},"1":{"start":{"line":3,"column":61},"end":{"line":9,"column":1}},"2":{"start":{"line":11,"column":22},"end":{"line":13,"column":2}},"3":{"start":{"line":11,"column":29},"end":{"line":13,"column":1}},"4":{"start":{"line":15,"column":26},"end":{"line":26,"column":1}},"5":{"start":{"line":16,"column":2},"end":{"line":25,"column":4}},"6":{"start":{"line":17,"column":6},"end":{"line":24,"column":5}},"7":{"start":{"line":19,"column":10},"end":{"line":19,"column":69}},"8":{"start":{"line":21,"column":10},"end":{"line":21,"column":71}},"9":{"start":{"line":23,"column":10},"end":{"line":23,"column":69}},"10":{"start":{"line":28,"column":27},"end":{"line":32,"column":1}},"11":{"start":{"line":29,"column":2},"end":{"line":31,"column":4}},"12":{"start":{"line":30,"column":4},"end":{"line":30,"column":37}}},"fnMap":{"0":{"name":"(anonymous_0)","decl":{"start":{"line":3,"column":21},"end":{"line":3,"column":22}},"loc":{"start":{"line":3,"column":61},"end":{"line":9,"column":1}},"line":3},"1":{"name":"(anonymous_1)","decl":{"start":{"line":11,"column":22},"end":{"line":11,"column":23}},"loc":{"start":{"line":11,"column":29},"end":{"line":13,"column":1}},"line":11},"2":{"name":"(anonymous_2)","decl":{"start":{"line":15,"column":26},"end":{"line":15,"column":27}},"loc":{"start":{"line":15,"column":40},"end":{"line":26,"column":1}},"line":15},"3":{"name":"(anonymous_3)","decl":{"start":{"line":16,"column":9},"end":{"line":16,"column":10}},"loc":{"start":{"line":16,"column":23},"end":{"line":25,"column":3}},"line":16},"4":{"name":"(anonymous_4)","decl":{"start":{"line":28,"column":27},"end":{"line":28,"column":28}},"loc":{"start":{"line":28,"column":33},"end":{"line":32,"column":1}},"line":28},"5":{"name":"(anonymous_5)","decl":{"start":{"line":29,"column":9},"end":{"line":29,"column":10}},"loc":{"start":{"line":29,"column":15},"end":{"line":31,"column":3}},"line":29}},"branchMap":{"0":{"loc":{"start":{"line":17,"column":6},"end":{"line":24,"column":5}},"type":"switch","locations":[{"start":{"line":18,"column":8},"end":{"line":19,"column":69}},{"start":{"line":20,"column":8},"end":{"line":21,"column":71}},{"start":{"line":22,"column":8},"end":{"line":23,"column":69}}],"line":17}},"s":{"0":3,"1":1,"2":3,"3":1,"4":3,"5":1,"6":0,"7":0,"8":0,"9":0,"10":3,"11":1,"12":0},"f":{"0":1,"1":1,"2":1,"3":0,"4":1,"5":0},"b":{"0":[0,0,0]},"_coverageSchema":"332fd63041d2c1bcb487cc26dd0d5f7d97098a6c","hash":"d785357858c1e7f4fbd15fa148954b4fd88a46b8"}
,"/media/joana/Storage/Projects/tests/react-course-projects/expensify-app/src/actions/expenses.js": {"path":"/media/joana/Storage/Projects/tests/react-course-projects/expensify-app/src/actions/expenses.js","statementMap":{"0":{"start":{"line":4,"column":26},"end":{"line":7,"column":2}},"1":{"start":{"line":4,"column":40},"end":{"line":7,"column":1}},"2":{"start":{"line":9,"column":31},"end":{"line":35,"column":1}},"3":{"start":{"line":10,"column":2},"end":{"line":34,"column":4}},"4":{"start":{"line":11,"column":16},"end":{"line":11,"column":35}},"5":{"start":{"line":17,"column":8},"end":{"line":17,"column":19}},"6":{"start":{"line":19,"column":20},"end":{"line":24,"column":5}},"7":{"start":{"line":26,"column":4},"end":{"line":33,"column":7}},"8":{"start":{"line":28,"column":8},"end":{"line":32,"column":7}},"9":{"start":{"line":37,"column":29},"end":{"line":40,"column":2}},"10":{"start":{"line":37,"column":42},"end":{"line":40,"column":1}},"11":{"start":{"line":42,"column":34},"end":{"line":50,"column":3}},"12":{"start":{"line":43,"column":2},"end":{"line":49,"column":6}},"13":{"start":{"line":44,"column":16},"end":{"line":44,"column":35}},"14":{"start":{"line":45,"column":4},"end":{"line":48,"column":9}},"15":{"start":{"line":47,"column":8},"end":{"line":47,"column":39}},"16":{"start":{"line":52,"column":27},"end":{"line":56,"column":2}},"17":{"start":{"line":52,"column":46},"end":{"line":56,"column":1}},"18":{"start":{"line":58,"column":32},"end":{"line":64,"column":1}},"19":{"start":{"line":59,"column":2},"end":{"line":63,"column":4}},"20":{"start":{"line":60,"column":16},"end":{"line":60,"column":35}},"21":{"start":{"line":61,"column":4},"end":{"line":62,"column":54}},"22":{"start":{"line":62,"column":18},"end":{"line":62,"column":52}},"23":{"start":{"line":66,"column":27},"end":{"line":69,"column":2}},"24":{"start":{"line":66,"column":42},"end":{"line":69,"column":1}},"25":{"start":{"line":71,"column":32},"end":{"line":87,"column":1}},"26":{"start":{"line":72,"column":2},"end":{"line":86,"column":4}},"27":{"start":{"line":73,"column":16},"end":{"line":73,"column":35}},"28":{"start":{"line":74,"column":4},"end":{"line":85,"column":7}},"29":{"start":{"line":76,"column":25},"end":{"line":76,"column":27}},"30":{"start":{"line":77,"column":8},"end":{"line":82,"column":11}},"31":{"start":{"line":78,"column":10},"end":{"line":81,"column":13}},"32":{"start":{"line":84,"column":8},"end":{"line":84,"column":40}}},"fnMap":{"0":{"name":"(anonymous_0)","decl":{"start":{"line":4,"column":26},"end":{"line":4,"column":27}},"loc":{"start":{"line":4,"column":40},"end":{"line":7,"column":1}},"line":4},"1":{"name":"(anonymous_1)","decl":{"start":{"line":9,"column":31},"end":{"line":9,"column":32}},"loc":{"start":{"line":9,"column":54},"end":{"line":35,"column":1}},"line":9},"2":{"name":"(anonymous_2)","decl":{"start":{"line":10,"column":9},"end":{"line":10,"column":10}},"loc":{"start":{"line":10,"column":33},"end":{"line":34,"column":3}},"line":10},"3":{"name":"(anonymous_3)","decl":{"start":{"line":27,"column":12},"end":{"line":27,"column":13}},"loc":{"start":{"line":27,"column":21},"end":{"line":33,"column":5}},"line":27},"4":{"name":"(anonymous_4)","decl":{"start":{"line":37,"column":29},"end":{"line":37,"column":30}},"loc":{"start":{"line":37,"column":42},"end":{"line":40,"column":1}},"line":37},"5":{"name":"(anonymous_5)","decl":{"start":{"line":42,"column":34},"end":{"line":42,"column":35}},"loc":{"start":{"line":42,"column":51},"end":{"line":50,"column":3}},"line":42},"6":{"name":"(anonymous_6)","decl":{"start":{"line":43,"column":9},"end":{"line":43,"column":10}},"loc":{"start":{"line":43,"column":33},"end":{"line":49,"column":5}},"line":43},"7":{"name":"(anonymous_7)","decl":{"start":{"line":46,"column":12},"end":{"line":46,"column":13}},"loc":{"start":{"line":46,"column":18},"end":{"line":48,"column":7}},"line":46},"8":{"name":"(anonymous_8)","decl":{"start":{"line":52,"column":27},"end":{"line":52,"column":28}},"loc":{"start":{"line":52,"column":46},"end":{"line":56,"column":1}},"line":52},"9":{"name":"(anonymous_9)","decl":{"start":{"line":58,"column":32},"end":{"line":58,"column":33}},"loc":{"start":{"line":58,"column":51},"end":{"line":64,"column":1}},"line":58},"10":{"name":"(anonymous_10)","decl":{"start":{"line":59,"column":9},"end":{"line":59,"column":10}},"loc":{"start":{"line":59,"column":33},"end":{"line":63,"column":3}},"line":59},"11":{"name":"(anonymous_11)","decl":{"start":{"line":62,"column":12},"end":{"line":62,"column":13}},"loc":{"start":{"line":62,"column":18},"end":{"line":62,"column":52}},"line":62},"12":{"name":"(anonymous_12)","decl":{"start":{"line":66,"column":27},"end":{"line":66,"column":28}},"loc":{"start":{"line":66,"column":42},"end":{"line":69,"column":1}},"line":66},"13":{"name":"(anonymous_13)","decl":{"start":{"line":71,"column":32},"end":{"line":71,"column":33}},"loc":{"start":{"line":71,"column":46},"end":{"line":87,"column":1}},"line":71},"14":{"name":"(anonymous_14)","decl":{"start":{"line":72,"column":9},"end":{"line":72,"column":10}},"loc":{"start":{"line":72,"column":33},"end":{"line":86,"column":3}},"line":72},"15":{"name":"(anonymous_15)","decl":{"start":{"line":75,"column":12},"end":{"line":75,"column":13}},"loc":{"start":{"line":75,"column":26},"end":{"line":85,"column":5}},"line":75},"16":{"name":"(anonymous_16)","decl":{"start":{"line":77,"column":25},"end":{"line":77,"column":26}},"loc":{"start":{"line":77,"column":44},"end":{"line":82,"column":9}},"line":77}},"branchMap":{"0":{"loc":{"start":{"line":9,"column":32},"end":{"line":9,"column":48}},"type":"default-arg","locations":[{"start":{"line":9,"column":46},"end":{"line":9,"column":48}}],"line":9},"1":{"loc":{"start":{"line":13,"column":6},"end":{"line":13,"column":22}},"type":"default-arg","locations":[{"start":{"line":13,"column":20},"end":{"line":13,"column":22}}],"line":13},"2":{"loc":{"start":{"line":14,"column":6},"end":{"line":14,"column":15}},"type":"default-arg","locations":[{"start":{"line":14,"column":13},"end":{"line":14,"column":15}}],"line":14},"3":{"loc":{"start":{"line":15,"column":6},"end":{"line":15,"column":16}},"type":"default-arg","locations":[{"start":{"line":15,"column":15},"end":{"line":15,"column":16}}],"line":15},"4":{"loc":{"start":{"line":16,"column":6},"end":{"line":16,"column":19}},"type":"default-arg","locations":[{"start":{"line":16,"column":18},"end":{"line":16,"column":19}}],"line":16},"5":{"loc":{"start":{"line":42,"column":35},"end":{"line":42,"column":46}},"type":"default-arg","locations":[{"start":{"line":42,"column":44},"end":{"line":42,"column":46}}],"line":42}},"s":{"0":3,"1":3,"2":3,"3":2,"4":2,"5":2,"6":2,"7":2,"8":2,"9":3,"10":2,"11":3,"12":1,"13":1,"14":1,"15":1,"16":3,"17":2,"18":3,"19":1,"20":1,"21":1,"22":1,"23":3,"24":2,"25":3,"26":1,"27":1,"28":1,"29":1,"30":1,"31":3,"32":1},"f":{"0":3,"1":2,"2":2,"3":2,"4":2,"5":1,"6":1,"7":1,"8":2,"9":1,"10":1,"11":1,"12":2,"13":1,"14":1,"15":1,"16":3},"b":{"0":[0],"1":[1],"2":[1],"3":[1],"4":[1],"5":[0]},"_coverageSchema":"332fd63041d2c1bcb487cc26dd0d5f7d97098a6c","hash":"45a20e4e5201242152f161a2c0a320f2e30b9511"}
,"/media/joana/Storage/Projects/tests/react-course-projects/expensify-app/src/actions/filters.js": {"path":"/media/joana/Storage/Projects/tests/react-course-projects/expensify-app/src/actions/filters.js","statementMap":{"0":{"start":{"line":1,"column":29},"end":{"line":4,"column":2}},"1":{"start":{"line":1,"column":45},"end":{"line":4,"column":1}},"2":{"start":{"line":6,"column":28},"end":{"line":8,"column":2}},"3":{"start":{"line":6,"column":35},"end":{"line":8,"column":1}},"4":{"start":{"line":10,"column":27},"end":{"line":12,"column":2}},"5":{"start":{"line":10,"column":34},"end":{"line":12,"column":1}},"6":{"start":{"line":14,"column":28},"end":{"line":17,"column":2}},"7":{"start":{"line":14,"column":44},"end":{"line":17,"column":1}},"8":{"start":{"line":19,"column":26},"end":{"line":22,"column":2}},"9":{"start":{"line":19,"column":40},"end":{"line":22,"column":1}}},"fnMap":{"0":{"name":"(anonymous_0)","decl":{"start":{"line":1,"column":29},"end":{"line":1,"column":30}},"loc":{"start":{"line":1,"column":45},"end":{"line":4,"column":1}},"line":1},"1":{"name":"(anonymous_1)","decl":{"start":{"line":6,"column":28},"end":{"line":6,"column":29}},"loc":{"start":{"line":6,"column":35},"end":{"line":8,"column":1}},"line":6},"2":{"name":"(anonymous_2)","decl":{"start":{"line":10,"column":27},"end":{"line":10,"column":28}},"loc":{"start":{"line":10,"column":34},"end":{"line":12,"column":1}},"line":10},"3":{"name":"(anonymous_3)","decl":{"start":{"line":14,"column":28},"end":{"line":14,"column":29}},"loc":{"start":{"line":14,"column":44},"end":{"line":17,"column":1}},"line":14},"4":{"name":"(anonymous_4)","decl":{"start":{"line":19,"column":26},"end":{"line":19,"column":27}},"loc":{"start":{"line":19,"column":40},"end":{"line":22,"column":1}},"line":19}},"branchMap":{"0":{"loc":{"start":{"line":1,"column":30},"end":{"line":1,"column":39}},"type":"default-arg","locations":[{"start":{"line":1,"column":37},"end":{"line":1,"column":39}}],"line":1}},"s":{"0":3,"1":2,"2":3,"3":1,"4":3,"5":1,"6":3,"7":1,"8":3,"9":1},"f":{"0":2,"1":1,"2":1,"3":1,"4":1},"b":{"0":[1]},"_coverageSchema":"332fd63041d2c1bcb487cc26dd0d5f7d97098a6c","hash":"4d6b8cf23880663d7479965e1882f22d339e9cb4"}
,"/media/joana/Storage/Projects/tests/react-course-projects/expensify-app/src/components/AddExpensePage.js": {"path":"/media/joana/Storage/Projects/tests/react-course-projects/expensify-app/src/components/AddExpensePage.js","statementMap":{"0":{"start":{"line":8,"column":4},"end":{"line":8,"column":40}},"1":{"start":{"line":9,"column":4},"end":{"line":9,"column":33}},"2":{"start":{"line":13,"column":4},"end":{"line":13,"column":33}},"3":{"start":{"line":17,"column":4},"end":{"line":31,"column":6}},"4":{"start":{"line":35,"column":27},"end":{"line":37,"column":2}},"5":{"start":{"line":35,"column":42},"end":{"line":37,"column":1}},"6":{"start":{"line":36,"column":32},"end":{"line":36,"column":66}}},"fnMap":{"0":{"name":"(anonymous_0)","decl":{"start":{"line":7,"column":13},"end":{"line":7,"column":14}},"loc":{"start":{"line":7,"column":26},"end":{"line":10,"column":3}},"line":7},"1":{"name":"(anonymous_1)","decl":{"start":{"line":12,"column":13},"end":{"line":12,"column":14}},"loc":{"start":{"line":12,"column":19},"end":{"line":14,"column":3}},"line":12},"2":{"name":"(anonymous_2)","decl":{"start":{"line":16,"column":2},"end":{"line":16,"column":3}},"loc":{"start":{"line":16,"column":11},"end":{"line":32,"column":3}},"line":16},"3":{"name":"(anonymous_3)","decl":{"start":{"line":35,"column":27},"end":{"line":35,"column":28}},"loc":{"start":{"line":35,"column":42},"end":{"line":37,"column":1}},"line":35},"4":{"name":"(anonymous_4)","decl":{"start":{"line":36,"column":19},"end":{"line":36,"column":20}},"loc":{"start":{"line":36,"column":32},"end":{"line":36,"column":66}},"line":36}},"branchMap":{},"s":{"0":1,"1":1,"2":0,"3":2,"4":1,"5":0,"6":0},"f":{"0":1,"1":0,"2":2,"3":0,"4":0},"b":{},"_coverageSchema":"332fd63041d2c1bcb487cc26dd0d5f7d97098a6c","hash":"4db0a62bb864b0397a0d8b59ff1d9ed276d0126e"}
,"/media/joana/Storage/Projects/tests/react-course-projects/expensify-app/src/components/EditExpensePage.js": {"path":"/media/joana/Storage/Projects/tests/react-course-projects/expensify-app/src/components/EditExpensePage.js","statementMap":{"0":{"start":{"line":13,"column":8},"end":{"line":13,"column":56}},"1":{"start":{"line":13,"column":29},"end":{"line":13,"column":52}},"2":{"start":{"line":17,"column":8},"end":{"line":17,"column":57}},"3":{"start":{"line":17,"column":29},"end":{"line":17,"column":53}},"4":{"start":{"line":21,"column":8},"end":{"line":21,"column":67}},"5":{"start":{"line":22,"column":8},"end":{"line":22,"column":37}},"6":{"start":{"line":26,"column":6},"end":{"line":26,"column":66}},"7":{"start":{"line":27,"column":6},"end":{"line":27,"column":35}},"8":{"start":{"line":31,"column":6},"end":{"line":31,"column":35}},"9":{"start":{"line":47,"column":8},"end":{"line":65,"column":9}},"10":{"start":{"line":69,"column":24},"end":{"line":71,"column":2}},"11":{"start":{"line":69,"column":43},"end":{"line":71,"column":1}},"12":{"start":{"line":70,"column":46},"end":{"line":70,"column":82}},"13":{"start":{"line":73,"column":27},"end":{"line":76,"column":2}},"14":{"start":{"line":73,"column":49},"end":{"line":76,"column":1}},"15":{"start":{"line":74,"column":39},"end":{"line":74,"column":78}},"16":{"start":{"line":75,"column":34},"end":{"line":75,"column":68}}},"fnMap":{"0":{"name":"(anonymous_0)","decl":{"start":{"line":12,"column":15},"end":{"line":12,"column":16}},"loc":{"start":{"line":12,"column":21},"end":{"line":14,"column":5}},"line":12},"1":{"name":"(anonymous_1)","decl":{"start":{"line":13,"column":22},"end":{"line":13,"column":23}},"loc":{"start":{"line":13,"column":29},"end":{"line":13,"column":52}},"line":13},"2":{"name":"(anonymous_2)","decl":{"start":{"line":16,"column":19},"end":{"line":16,"column":20}},"loc":{"start":{"line":16,"column":25},"end":{"line":18,"column":5}},"line":16},"3":{"name":"(anonymous_3)","decl":{"start":{"line":17,"column":22},"end":{"line":17,"column":23}},"loc":{"start":{"line":17,"column":29},"end":{"line":17,"column":53}},"line":17},"4":{"name":"(anonymous_4)","decl":{"start":{"line":20,"column":19},"end":{"line":20,"column":20}},"loc":{"start":{"line":20,"column":25},"end":{"line":23,"column":5}},"line":20},"5":{"name":"(anonymous_5)","decl":{"start":{"line":25,"column":15},"end":{"line":25,"column":16}},"loc":{"start":{"line":25,"column":28},"end":{"line":28,"column":5}},"line":25},"6":{"name":"(anonymous_6)","decl":{"start":{"line":30,"column":15},"end":{"line":30,"column":16}},"loc":{"start":{"line":30,"column":21},"end":{"line":32,"column":5}},"line":30},"7":{"name":"(anonymous_7)","decl":{"start":{"line":46,"column":4},"end":{"line":46,"column":5}},"loc":{"start":{"line":46,"column":13},"end":{"line":66,"column":5}},"line":46},"8":{"name":"(anonymous_8)","decl":{"start":{"line":69,"column":24},"end":{"line":69,"column":25}},"loc":{"start":{"line":69,"column":43},"end":{"line":71,"column":1}},"line":69},"9":{"name":"(anonymous_9)","decl":{"start":{"line":70,"column":33},"end":{"line":70,"column":34}},"loc":{"start":{"line":70,"column":46},"end":{"line":70,"column":82}},"line":70},"10":{"name":"(anonymous_10)","decl":{"start":{"line":73,"column":27},"end":{"line":73,"column":28}},"loc":{"start":{"line":73,"column":49},"end":{"line":76,"column":1}},"line":73},"11":{"name":"(anonymous_11)","decl":{"start":{"line":74,"column":22},"end":{"line":74,"column":23}},"loc":{"start":{"line":74,"column":39},"end":{"line":74,"column":78}},"line":74},"12":{"name":"(anonymous_12)","decl":{"start":{"line":75,"column":24},"end":{"line":75,"column":25}},"loc":{"start":{"line":75,"column":34},"end":{"line":75,"column":68}},"line":75}},"branchMap":{},"s":{"0":0,"1":0,"2":0,"3":0,"4":0,"5":0,"6":1,"7":1,"8":0,"9":2,"10":1,"11":0,"12":0,"13":1,"14":0,"15":0,"16":0},"f":{"0":0,"1":0,"2":0,"3":0,"4":0,"5":1,"6":0,"7":2,"8":0,"9":0,"10":0,"11":0,"12":0},"b":{},"_coverageSchema":"332fd63041d2c1bcb487cc26dd0d5f7d97098a6c","hash":"d471b383025c81deac9af0860fb1a33fb9c9a7f5"}
,"/media/joana/Storage/Projects/tests/react-course-projects/expensify-app/src/components/ExpenseDashboardPage.js": {"path":"/media/joana/Storage/Projects/tests/react-course-projects/expensify-app/src/components/ExpenseDashboardPage.js","statementMap":{"0":{"start":{"line":6,"column":36},"end":{"line":12,"column":1}},"1":{"start":{"line":7,"column":4},"end":{"line":11,"column":10}}},"fnMap":{"0":{"name":"(anonymous_0)","decl":{"start":{"line":6,"column":36},"end":{"line":6,"column":37}},"loc":{"start":{"line":7,"column":4},"end":{"line":11,"column":10}},"line":7}},"branchMap":{},"s":{"0":1,"1":1},"f":{"0":1},"b":{},"_coverageSchema":"332fd63041d2c1bcb487cc26dd0d5f7d97098a6c","hash":"203bd24ef6c2187569ad62e918af4dc8ced294dd"}
,"/media/joana/Storage/Projects/tests/react-course-projects/expensify-app/src/components/ExpenseForm.js": {"path":"/media/joana/Storage/Projects/tests/react-course-projects/expensify-app/src/components/ExpenseForm.js","statementMap":{"0":{"start":{"line":16,"column":4},"end":{"line":16,"column":17}},"1":{"start":{"line":18,"column":4},"end":{"line":25,"column":6}},"2":{"start":{"line":29,"column":24},"end":{"line":29,"column":38}},"3":{"start":{"line":30,"column":4},"end":{"line":30,"column":43}},"4":{"start":{"line":30,"column":25},"end":{"line":30,"column":40}},"5":{"start":{"line":34,"column":17},"end":{"line":34,"column":31}},"6":{"start":{"line":35,"column":4},"end":{"line":35,"column":36}},"7":{"start":{"line":35,"column":25},"end":{"line":35,"column":33}},"8":{"start":{"line":39,"column":19},"end":{"line":39,"column":33}},"9":{"start":{"line":40,"column":4},"end":{"line":42,"column":5}},"10":{"start":{"line":41,"column":6},"end":{"line":41,"column":40}},"11":{"start":{"line":41,"column":27},"end":{"line":41,"column":37}},"12":{"start":{"line":46,"column":4},"end":{"line":48,"column":5}},"13":{"start":{"line":47,"column":6},"end":{"line":47,"column":43}},"14":{"start":{"line":47,"column":27},"end":{"line":47,"column":40}},"15":{"start":{"line":52,"column":4},"end":{"line":52,"column":56}},"16":{"start":{"line":52,"column":25},"end":{"line":52,"column":53}},"17":{"start":{"line":56,"column":4},"end":{"line":56,"column":23}},"18":{"start":{"line":58,"column":4},"end":{"line":68,"column":5}},"19":{"start":{"line":59,"column":6},"end":{"line":59,"column":80}},"20":{"start":{"line":59,"column":27},"end":{"line":59,"column":77}},"21":{"start":{"line":61,"column":6},"end":{"line":61,"column":42}},"22":{"start":{"line":61,"column":27},"end":{"line":61,"column":39}},"23":{"start":{"line":62,"column":6},"end":{"line":67,"column":8}},"24":{"start":{"line":72,"column":4},"end":{"line":112,"column":5}},"25":{"start":{"line":98,"column":32},"end":{"line":98,"column":37}}},"fnMap":{"0":{"name":"(anonymous_0)","decl":{"start":{"line":15,"column":2},"end":{"line":15,"column":3}},"loc":{"start":{"line":15,"column":21},"end":{"line":26,"column":3}},"line":15},"1":{"name":"(anonymous_1)","decl":{"start":{"line":28,"column":24},"end":{"line":28,"column":25}},"loc":{"start":{"line":28,"column":31},"end":{"line":31,"column":3}},"line":28},"2":{"name":"(anonymous_2)","decl":{"start":{"line":30,"column":18},"end":{"line":30,"column":19}},"loc":{"start":{"line":30,"column":25},"end":{"line":30,"column":40}},"line":30},"3":{"name":"(anonymous_3)","decl":{"start":{"line":33,"column":17},"end":{"line":33,"column":18}},"loc":{"start":{"line":33,"column":24},"end":{"line":36,"column":3}},"line":33},"4":{"name":"(anonymous_4)","decl":{"start":{"line":35,"column":18},"end":{"line":35,"column":19}},"loc":{"start":{"line":35,"column":25},"end":{"line":35,"column":33}},"line":35},"5":{"name":"(anonymous_5)","decl":{"start":{"line":38,"column":19},"end":{"line":38,"column":20}},"loc":{"start":{"line":38,"column":26},"end":{"line":43,"column":3}},"line":38},"6":{"name":"(anonymous_6)","decl":{"start":{"line":41,"column":20},"end":{"line":41,"column":21}},"loc":{"start":{"line":41,"column":27},"end":{"line":41,"column":37}},"line":41},"7":{"name":"(anonymous_7)","decl":{"start":{"line":45,"column":17},"end":{"line":45,"column":18}},"loc":{"start":{"line":45,"column":32},"end":{"line":49,"column":3}},"line":45},"8":{"name":"(anonymous_8)","decl":{"start":{"line":47,"column":20},"end":{"line":47,"column":21}},"loc":{"start":{"line":47,"column":27},"end":{"line":47,"column":40}},"line":47},"9":{"name":"(anonymous_9)","decl":{"start":{"line":51,"column":18},"end":{"line":51,"column":19}},"loc":{"start":{"line":51,"column":35},"end":{"line":53,"column":3}},"line":51},"10":{"name":"(anonymous_10)","decl":{"start":{"line":52,"column":18},"end":{"line":52,"column":19}},"loc":{"start":{"line":52,"column":25},"end":{"line":52,"column":53}},"line":52},"11":{"name":"(anonymous_11)","decl":{"start":{"line":55,"column":13},"end":{"line":55,"column":14}},"loc":{"start":{"line":55,"column":20},"end":{"line":69,"column":3}},"line":55},"12":{"name":"(anonymous_12)","decl":{"start":{"line":59,"column":20},"end":{"line":59,"column":21}},"loc":{"start":{"line":59,"column":27},"end":{"line":59,"column":77}},"line":59},"13":{"name":"(anonymous_13)","decl":{"start":{"line":61,"column":20},"end":{"line":61,"column":21}},"loc":{"start":{"line":61,"column":27},"end":{"line":61,"column":39}},"line":61},"14":{"name":"(anonymous_14)","decl":{"start":{"line":71,"column":2},"end":{"line":71,"column":3}},"loc":{"start":{"line":71,"column":11},"end":{"line":113,"column":3}},"line":71},"15":{"name":"(anonymous_15)","decl":{"start":{"line":98,"column":26},"end":{"line":98,"column":27}},"loc":{"start":{"line":98,"column":32},"end":{"line":98,"column":37}},"line":98}},"branchMap":{"0":{"loc":{"start":{"line":19,"column":19},"end":{"line":19,"column":65}},"type":"cond-expr","locations":[{"start":{"line":19,"column":35},"end":{"line":19,"column":60}},{"start":{"line":19,"column":63},"end":{"line":19,"column":65}}],"line":19},"1":{"loc":{"start":{"line":20,"column":13},"end":{"line":20,"column":52}},"type":"cond-expr","locations":[{"start":{"line":20,"column":29},"end":{"line":20,"column":47}},{"start":{"line":20,"column":50},"end":{"line":20,"column":52}}],"line":20},"2":{"loc":{"start":{"line":21,"column":15},"end":{"line":21,"column":75}},"type":"cond-expr","locations":[{"start":{"line":21,"column":31},"end":{"line":21,"column":71}},{"start":{"line":21,"column":73},"end":{"line":21,"column":75}}],"line":21},"3":{"loc":{"start":{"line":22,"column":18},"end":{"line":22,"column":76}},"type":"cond-expr","locations":[{"start":{"line":22,"column":34},"end":{"line":22,"column":65}},{"start":{"line":22,"column":68},"end":{"line":22,"column":76}}],"line":22},"4":{"loc":{"start":{"line":40,"column":4},"end":{"line":42,"column":5}},"type":"if","locations":[{"start":{"line":40,"column":4},"end":{"line":42,"column":5}},{"start":{"line":40,"column":4},"end":{"line":42,"column":5}}],"line":40},"5":{"loc":{"start":{"line":40,"column":8},"end":{"line":40,"column":55}},"type":"binary-expr","locations":[{"start":{"line":40,"column":8},"end":{"line":40,"column":15}},{"start":{"line":40,"column":19},"end":{"line":40,"column":55}}],"line":40},"6":{"loc":{"start":{"line":46,"column":4},"end":{"line":48,"column":5}},"type":"if","locations":[{"start":{"line":46,"column":4},"end":{"line":48,"column":5}},{"start":{"line":46,"column":4},"end":{"line":48,"column":5}}],"line":46},"7":{"loc":{"start":{"line":58,"column":4},"end":{"line":68,"column":5}},"type":"if","locations":[{"start":{"line":58,"column":4},"end":{"line":68,"column":5}},{"start":{"line":58,"column":4},"end":{"line":68,"column":5}}],"line":58},"8":{"loc":{"start":{"line":58,"column":8},"end":{"line":58,"column":53}},"type":"binary-expr","locations":[{"start":{"line":58,"column":8},"end":{"line":58,"column":31}},{"start":{"line":58,"column":35},"end":{"line":58,"column":53}}],"line":58},"9":{"loc":{"start":{"line":74,"column":10},"end":{"line":75,"column":61}},"type":"binary-expr","locations":[{"start":{"line":74,"column":10},"end":{"line":74,"column":26}},{"start":{"line":75,"column":10},"end":{"line":75,"column":61}}],"line":74}},"s":{"0":10,"1":10,"2":1,"3":1,"4":1,"5":1,"6":1,"7":1,"8":2,"9":2,"10":1,"11":1,"12":1,"13":1,"14":1,"15":1,"16":1,"17":2,"18":2,"19":1,"20":1,"21":1,"22":1,"23":1,"24":17,"25":0},"f":{"0":10,"1":1,"2":1,"3":1,"4":1,"5":2,"6":1,"7":1,"8":1,"9":1,"10":1,"11":2,"12":1,"13":1,"14":17,"15":0},"b":{"0":[2,8],"1":[2,8],"2":[2,8],"3":[2,8],"4":[1,1],"5":[2,2],"6":[1,0],"7":[1,1],"8":[2,1],"9":[17,1]},"_coverageSchema":"332fd63041d2c1bcb487cc26dd0d5f7d97098a6c","hash":"d493ad4953dbbdc1dc23da0fbd307d61ad25ffed"}
,"/media/joana/Storage/Projects/tests/react-course-projects/expensify-app/src/components/ExpenseList.js": {"path":"/media/joana/Storage/Projects/tests/react-course-projects/expensify-app/src/components/ExpenseList.js","statementMap":{"0":{"start":{"line":6,"column":27},"end":{"line":27,"column":1}},"1":{"start":{"line":7,"column":2},"end":{"line":26,"column":8}},"2":{"start":{"line":21,"column":14},"end":{"line":21,"column":71}},"3":{"start":{"line":29,"column":24},"end":{"line":31,"column":2}},"4":{"start":{"line":29,"column":36},"end":{"line":31,"column":1}}},"fnMap":{"0":{"name":"(anonymous_0)","decl":{"start":{"line":6,"column":27},"end":{"line":6,"column":28}},"loc":{"start":{"line":7,"column":2},"end":{"line":26,"column":8}},"line":7},"1":{"name":"(anonymous_1)","decl":{"start":{"line":20,"column":31},"end":{"line":20,"column":32}},"loc":{"start":{"line":20,"column":44},"end":{"line":22,"column":13}},"line":20},"2":{"name":"(anonymous_2)","decl":{"start":{"line":29,"column":24},"end":{"line":29,"column":25}},"loc":{"start":{"line":29,"column":36},"end":{"line":31,"column":1}},"line":29}},"branchMap":{"0":{"loc":{"start":{"line":15,"column":8},"end":{"line":23,"column":11}},"type":"cond-expr","locations":[{"start":{"line":16,"column":10},"end":{"line":18,"column":16}},{"start":{"line":20,"column":12},"end":{"line":22,"column":14}}],"line":15}},"s":{"0":2,"1":2,"2":3,"3":2,"4":0},"f":{"0":2,"1":3,"2":0},"b":{"0":[1,1]},"_coverageSchema":"332fd63041d2c1bcb487cc26dd0d5f7d97098a6c","hash":"74bfa7aad95f987db2eeeff9742ab8844d65f6c0"}
,"/media/joana/Storage/Projects/tests/react-course-projects/expensify-app/src/components/ExpenseListFilters.js": {"path":"/media/joana/Storage/Projects/tests/react-course-projects/expensify-app/src/components/ExpenseListFilters.js","statementMap":{"0":{"start":{"line":12,"column":4},"end":{"line":12,"column":39}},"1":{"start":{"line":13,"column":4},"end":{"line":13,"column":35}},"2":{"start":{"line":17,"column":4},"end":{"line":17,"column":47}},"3":{"start":{"line":17,"column":25},"end":{"line":17,"column":44}},"4":{"start":{"line":21,"column":4},"end":{"line":21,"column":45}},"5":{"start":{"line":25,"column":4},"end":{"line":26,"column":68}},"6":{"start":{"line":25,"column":35},"end":{"line":25,"column":59}},"7":{"start":{"line":26,"column":9},"end":{"line":26,"column":68}},"8":{"start":{"line":26,"column":42},"end":{"line":26,"column":68}},"9":{"start":{"line":30,"column":4},"end":{"line":56,"column":5}},"10":{"start":{"line":51,"column":36},"end":{"line":51,"column":41}},"11":{"start":{"line":60,"column":24},"end":{"line":62,"column":2}},"12":{"start":{"line":60,"column":36},"end":{"line":62,"column":1}},"13":{"start":{"line":64,"column":27},"end":{"line":70,"column":2}},"14":{"start":{"line":64,"column":42},"end":{"line":70,"column":1}},"15":{"start":{"line":65,"column":27},"end":{"line":65,"column":56}},"16":{"start":{"line":66,"column":20},"end":{"line":66,"column":42}},"17":{"start":{"line":67,"column":22},"end":{"line":67,"column":46}},"18":{"start":{"line":68,"column":31},"end":{"line":68,"column":64}},"19":{"start":{"line":69,"column":27},"end":{"line":69,"column":56}}},"fnMap":{"0":{"name":"(anonymous_0)","decl":{"start":{"line":11,"column":18},"end":{"line":11,"column":19}},"loc":{"start":{"line":11,"column":46},"end":{"line":14,"column":3}},"line":11},"1":{"name":"(anonymous_1)","decl":{"start":{"line":16,"column":18},"end":{"line":16,"column":19}},"loc":{"start":{"line":16,"column":39},"end":{"line":18,"column":3}},"line":16},"2":{"name":"(anonymous_2)","decl":{"start":{"line":17,"column":18},"end":{"line":17,"column":19}},"loc":{"start":{"line":17,"column":25},"end":{"line":17,"column":44}},"line":17},"3":{"name":"(anonymous_3)","decl":{"start":{"line":20,"column":17},"end":{"line":20,"column":18}},"loc":{"start":{"line":20,"column":24},"end":{"line":22,"column":3}},"line":20},"4":{"name":"(anonymous_4)","decl":{"start":{"line":24,"column":17},"end":{"line":24,"column":18}},"loc":{"start":{"line":24,"column":24},"end":{"line":27,"column":3}},"line":24},"5":{"name":"(anonymous_5)","decl":{"start":{"line":29,"column":2},"end":{"line":29,"column":3}},"loc":{"start":{"line":29,"column":11},"end":{"line":57,"column":3}},"line":29},"6":{"name":"(anonymous_6)","decl":{"start":{"line":51,"column":30},"end":{"line":51,"column":31}},"loc":{"start":{"line":51,"column":36},"end":{"line":51,"column":41}},"line":51},"7":{"name":"(anonymous_7)","decl":{"start":{"line":60,"column":24},"end":{"line":60,"column":25}},"loc":{"start":{"line":60,"column":36},"end":{"line":62,"column":1}},"line":60},"8":{"name":"(anonymous_8)","decl":{"start":{"line":64,"column":27},"end":{"line":64,"column":28}},"loc":{"start":{"line":64,"column":42},"end":{"line":70,"column":1}},"line":64},"9":{"name":"(anonymous_9)","decl":{"start":{"line":65,"column":17},"end":{"line":65,"column":18}},"loc":{"start":{"line":65,"column":27},"end":{"line":65,"column":56}},"line":65},"10":{"name":"(anonymous_10)","decl":{"start":{"line":66,"column":14},"end":{"line":66,"column":15}},"loc":{"start":{"line":66,"column":20},"end":{"line":66,"column":42}},"line":66},"11":{"name":"(anonymous_11)","decl":{"start":{"line":67,"column":16},"end":{"line":67,"column":17}},"loc":{"start":{"line":67,"column":22},"end":{"line":67,"column":46}},"line":67},"12":{"name":"(anonymous_12)","decl":{"start":{"line":68,"column":16},"end":{"line":68,"column":17}},"loc":{"start":{"line":68,"column":31},"end":{"line":68,"column":64}},"line":68},"13":{"name":"(anonymous_13)","decl":{"start":{"line":69,"column":14},"end":{"line":69,"column":15}},"loc":{"start":{"line":69,"column":27},"end":{"line":69,"column":56}},"line":69}},"branchMap":{"0":{"loc":{"start":{"line":25,"column":4},"end":{"line":26,"column":68}},"type":"if","locations":[{"start":{"line":25,"column":4},"end":{"line":26,"column":68}},{"start":{"line":25,"column":4},"end":{"line":26,"column":68}}],"line":25},"1":{"loc":{"start":{"line":26,"column":9},"end":{"line":26,"column":68}},"type":"if","locations":[{"start":{"line":26,"column":9},"end":{"line":26,"column":68}},{"start":{"line":26,"column":9},"end":{"line":26,"column":68}}],"line":26}},"s":{"0":1,"1":1,"2":1,"3":1,"4":1,"5":2,"6":1,"7":1,"8":1,"9":10,"10":0,"11":2,"12":0,"13":2,"14":0,"15":0,"16":0,"17":0,"18":0,"19":0},"f":{"0":1,"1":1,"2":1,"3":1,"4":2,"5":10,"6":0,"7":0,"8":0,"9":0,"10":0,"11":0,"12":0,"13":0},"b":{"0":[1,1],"1":[1,0]},"_coverageSchema":"332fd63041d2c1bcb487cc26dd0d5f7d97098a6c","hash":"3544f4a474a39c2ab038232c81cbfe8c5ccef2c3"}
,"/media/joana/Storage/Projects/tests/react-course-projects/expensify-app/src/components/ExpenseListItem.js": {"path":"/media/joana/Storage/Projects/tests/react-course-projects/expensify-app/src/components/ExpenseListItem.js","statementMap":{"0":{"start":{"line":6,"column":24},"end":{"line":18,"column":1}},"1":{"start":{"line":7,"column":2},"end":{"line":17,"column":9}}},"fnMap":{"0":{"name":"(anonymous_0)","decl":{"start":{"line":6,"column":24},"end":{"line":6,"column":25}},"loc":{"start":{"line":7,"column":2},"end":{"line":17,"column":9}},"line":7}},"branchMap":{},"s":{"0":3,"1":1},"f":{"0":1},"b":{},"_coverageSchema":"332fd63041d2c1bcb487cc26dd0d5f7d97098a6c","hash":"cff614ef740e22e42b0fc2463dfd386d8e24cd40"}
,"/media/joana/Storage/Projects/tests/react-course-projects/expensify-app/src/components/ExpensesSummary.js": {"path":"/media/joana/Storage/Projects/tests/react-course-projects/expensify-app/src/components/ExpensesSummary.js","statementMap":{"0":{"start":{"line":8,"column":31},"end":{"line":19,"column":1}},"1":{"start":{"line":9,"column":2},"end":{"line":18,"column":4}},"2":{"start":{"line":21,"column":24},"end":{"line":28,"column":1}},"3":{"start":{"line":22,"column":26},"end":{"line":22,"column":71}},"4":{"start":{"line":23,"column":2},"end":{"line":27,"column":3}}},"fnMap":{"0":{"name":"(anonymous_0)","decl":{"start":{"line":8,"column":31},"end":{"line":8,"column":32}},"loc":{"start":{"line":8,"column":84},"end":{"line":19,"column":1}},"line":8},"1":{"name":"(anonymous_1)","decl":{"start":{"line":21,"column":24},"end":{"line":21,"column":25}},"loc":{"start":{"line":21,"column":35},"end":{"line":28,"column":1}},"line":21}},"branchMap":{"0":{"loc":{"start":{"line":26,"column":19},"end":{"line":26,"column":45}},"type":"binary-expr","locations":[{"start":{"line":26,"column":19},"end":{"line":26,"column":40}},{"start":{"line":26,"column":44},"end":{"line":26,"column":45}}],"line":26}},"s":{"0":2,"1":2,"2":2,"3":0,"4":0},"f":{"0":2,"1":0},"b":{"0":[0,0]},"_coverageSchema":"332fd63041d2c1bcb487cc26dd0d5f7d97098a6c","hash":"9d76770f0bedb9941ae2970d3a12f022381088bc"}
,"/media/joana/Storage/Projects/tests/react-course-projects/expensify-app/src/components/Header.js": {"path":"/media/joana/Storage/Projects/tests/react-course-projects/expensify-app/src/components/Header.js","statementMap":{"0":{"start":{"line":6,"column":22},"end":{"line":21,"column":1}},"1":{"start":{"line":7,"column":2},"end":{"line":20,"column":11}},"2":{"start":{"line":23,"column":24},"end":{"line":26,"column":2}},"3":{"start":{"line":23,"column":36},"end":{"line":26,"column":1}},"4":{"start":{"line":28,"column":27},"end":{"line":30,"column":2}},"5":{"start":{"line":28,"column":42},"end":{"line":30,"column":1}},"6":{"start":{"line":29,"column":21},"end":{"line":29,"column":44}}},"fnMap":{"0":{"name":"(anonymous_0)","decl":{"start":{"line":6,"column":22},"end":{"line":6,"column":23}},"loc":{"start":{"line":7,"column":2},"end":{"line":20,"column":11}},"line":7},"1":{"name":"(anonymous_1)","decl":{"start":{"line":23,"column":24},"end":{"line":23,"column":25}},"loc":{"start":{"line":23,"column":36},"end":{"line":26,"column":1}},"line":23},"2":{"name":"(anonymous_2)","decl":{"start":{"line":28,"column":27},"end":{"line":28,"column":28}},"loc":{"start":{"line":28,"column":42},"end":{"line":30,"column":1}},"line":28},"3":{"name":"(anonymous_3)","decl":{"start":{"line":29,"column":15},"end":{"line":29,"column":16}},"loc":{"start":{"line":29,"column":21},"end":{"line":29,"column":44}},"line":29}},"branchMap":{},"s":{"0":1,"1":2,"2":1,"3":0,"4":1,"5":0,"6":0},"f":{"0":2,"1":0,"2":0,"3":0},"b":{},"_coverageSchema":"332fd63041d2c1bcb487cc26dd0d5f7d97098a6c","hash":"4b3a6cedaa81077bc97191580f476556aa21649a"}
,"/media/joana/Storage/Projects/tests/react-course-projects/expensify-app/src/components/LoadingPage.js": {"path":"/media/joana/Storage/Projects/tests/react-course-projects/expensify-app/src/components/LoadingPage.js","statementMap":{"0":{"start":{"line":3,"column":20},"end":{"line":7,"column":1}},"1":{"start":{"line":4,"column":2},"end":{"line":6,"column":8}}},"fnMap":{"0":{"name":"(anonymous_0)","decl":{"start":{"line":3,"column":20},"end":{"line":3,"column":21}},"loc":{"start":{"line":4,"column":2},"end":{"line":6,"column":8}},"line":4}},"branchMap":{},"s":{"0":1,"1":2},"f":{"0":2},"b":{},"_coverageSchema":"332fd63041d2c1bcb487cc26dd0d5f7d97098a6c","hash":"8d9079032e103775a2129bb071266ef153f7b838"}
,"/media/joana/Storage/Projects/tests/react-course-projects/expensify-app/src/components/LoginPage.js": {"path":"/media/joana/Storage/Projects/tests/react-course-projects/expensify-app/src/components/LoginPage.js","statementMap":{"0":{"start":{"line":5,"column":25},"end":{"line":15,"column":1}},"1":{"start":{"line":6,"column":2},"end":{"line":14,"column":8}},"2":{"start":{"line":10,"column":67},"end":{"line":10,"column":87}},"3":{"start":{"line":11,"column":100},"end":{"line":11,"column":122}},"4":{"start":{"line":12,"column":100},"end":{"line":12,"column":120}},"5":{"start":{"line":17,"column":27},"end":{"line":19,"column":2}},"6":{"start":{"line":17,"column":42},"end":{"line":19,"column":1}},"7":{"start":{"line":18,"column":28},"end":{"line":18,"column":58}}},"fnMap":{"0":{"name":"(anonymous_0)","decl":{"start":{"line":5,"column":25},"end":{"line":5,"column":26}},"loc":{"start":{"line":6,"column":2},"end":{"line":14,"column":8}},"line":6},"1":{"name":"(anonymous_1)","decl":{"start":{"line":10,"column":61},"end":{"line":10,"column":62}},"loc":{"start":{"line":10,"column":67},"end":{"line":10,"column":87}},"line":10},"2":{"name":"(anonymous_2)","decl":{"start":{"line":11,"column":94},"end":{"line":11,"column":95}},"loc":{"start":{"line":11,"column":100},"end":{"line":11,"column":122}},"line":11},"3":{"name":"(anonymous_3)","decl":{"start":{"line":12,"column":94},"end":{"line":12,"column":95}},"loc":{"start":{"line":12,"column":100},"end":{"line":12,"column":120}},"line":12},"4":{"name":"(anonymous_4)","decl":{"start":{"line":17,"column":27},"end":{"line":17,"column":28}},"loc":{"start":{"line":17,"column":42},"end":{"line":19,"column":1}},"line":17},"5":{"name":"(anonymous_5)","decl":{"start":{"line":18,"column":14},"end":{"line":18,"column":15}},"loc":{"start":{"line":18,"column":28},"end":{"line":18,"column":58}},"line":18}},"branchMap":{},"s":{"0":1,"1":3,"2":1,"3":1,"4":1,"5":1,"6":0,"7":0},"f":{"0":3,"1":1,"2":1,"3":1,"4":0,"5":0},"b":{},"_coverageSchema":"332fd63041d2c1bcb487cc26dd0d5f7d97098a6c","hash":"809bc78fea51e0776ed5fc4a68e98fdbf40c1d93"}
,"/media/joana/Storage/Projects/tests/react-course-projects/expensify-app/src/components/NotFoundPage.js": {"path":"/media/joana/Storage/Projects/tests/react-course-projects/expensify-app/src/components/NotFoundPage.js","statementMap":{"0":{"start":{"line":4,"column":21},"end":{"line":9,"column":1}},"1":{"start":{"line":5,"column":4},"end":{"line":7,"column":10}}},"fnMap":{"0":{"name":"(anonymous_0)","decl":{"start":{"line":4,"column":21},"end":{"line":4,"column":22}},"loc":{"start":{"line":5,"column":4},"end":{"line":7,"column":10}},"line":5}},"branchMap":{},"s":{"0":1,"1":1},"f":{"0":1},"b":{},"_coverageSchema":"332fd63041d2c1bcb487cc26dd0d5f7d97098a6c","hash":"0f5301e956dcb4dd2d3db95bda9b392839dbbd95"}
,"/media/joana/Storage/Projects/tests/react-course-projects/expensify-app/src/components/Prompt.js": {"path":"/media/joana/Storage/Projects/tests/react-course-projects/expensify-app/src/components/Prompt.js","statementMap":{"0":{"start":{"line":5,"column":22},"end":{"line":28,"column":1}},"1":{"start":{"line":6,"column":23},"end":{"line":8,"column":4}},"2":{"start":{"line":7,"column":4},"end":{"line":7,"column":109}},"3":{"start":{"line":10,"column":2},"end":{"line":27,"column":3}},"4":{"start":{"line":30,"column":0},"end":{"line":36,"column":1}}},"fnMap":{"0":{"name":"(anonymous_0)","decl":{"start":{"line":5,"column":22},"end":{"line":5,"column":23}},"loc":{"start":{"line":5,"column":79},"end":{"line":28,"column":1}},"line":5},"1":{"name":"(anonymous_1)","decl":{"start":{"line":6,"column":35},"end":{"line":6,"column":36}},"loc":{"start":{"line":7,"column":4},"end":{"line":7,"column":109}},"line":7}},"branchMap":{"0":{"loc":{"start":{"line":5,"column":60},"end":{"line":5,"column":72}},"type":"default-arg","locations":[{"start":{"line":5,"column":70},"end":{"line":5,"column":72}}],"line":5}},"s":{"0":2,"1":3,"2":2,"3":3,"4":2},"f":{"0":3,"1":2},"b":{"0":[1]},"_coverageSchema":"332fd63041d2c1bcb487cc26dd0d5f7d97098a6c","hash":"dbd30aabe5d602341ad851c66e8b1e8a9e89227a"}
,"/media/joana/Storage/Projects/tests/react-course-projects/expensify-app/src/firebase/firebase.js": {"path":"/media/joana/Storage/Projects/tests/react-course-projects/expensify-app/src/firebase/firebase.js","statementMap":{"0":{"start":{"line":4,"column":15},"end":{"line":11,"column":1}},"1":{"start":{"line":13,"column":0},"end":{"line":13,"column":31}},"2":{"start":{"line":15,"column":17},"end":{"line":15,"column":36}},"3":{"start":{"line":16,"column":27},"end":{"line":16,"column":65}},"4":{"start":{"line":17,"column":27},"end":{"line":17,"column":65}},"5":{"start":{"line":18,"column":29},"end":{"line":18,"column":69}}},"fnMap":{},"branchMap":{},"s":{"0":6,"1":6,"2":6,"3":6,"4":6,"5":6},"f":{},"b":{},"_coverageSchema":"332fd63041d2c1bcb487cc26dd0d5f7d97098a6c","hash":"e89727286ddb515023812797ef861a228cf01551"}
,"/media/joana/Storage/Projects/tests/react-course-projects/expensify-app/src/reducers/auth.js": {"path":"/media/joana/Storage/Projects/tests/react-course-projects/expensify-app/src/reducers/auth.js","statementMap":{"0":{"start":{"line":2,"column":2},"end":{"line":14,"column":3}},"1":{"start":{"line":4,"column":6},"end":{"line":9,"column":8}},"2":{"start":{"line":11,"column":6},"end":{"line":11,"column":17}},"3":{"start":{"line":13,"column":6},"end":{"line":13,"column":19}}},"fnMap":{"0":{"name":"(anonymous_0)","decl":{"start":{"line":1,"column":15},"end":{"line":1,"column":16}},"loc":{"start":{"line":1,"column":39},"end":{"line":15,"column":1}},"line":1}},"branchMap":{"0":{"loc":{"start":{"line":1,"column":16},"end":{"line":1,"column":26}},"type":"default-arg","locations":[{"start":{"line":1,"column":24},"end":{"line":1,"column":26}}],"line":1},"1":{"loc":{"start":{"line":2,"column":2},"end":{"line":14,"column":3}},"type":"switch","locations":[{"start":{"line":3,"column":4},"end":{"line":9,"column":8}},{"start":{"line":10,"column":4},"end":{"line":11,"column":17}},{"start":{"line":12,"column":4},"end":{"line":13,"column":19}}],"line":2}},"s":{"0":3,"1":1,"2":1,"3":1},"f":{"0":3},"b":{"0":[1],"1":[1,1,1]},"_coverageSchema":"332fd63041d2c1bcb487cc26dd0d5f7d97098a6c","hash":"dad618f6b254f17938866f8160cfcadb4c852089"}
,"/media/joana/Storage/Projects/tests/react-course-projects/expensify-app/src/reducers/expenses.js": {"path":"/media/joana/Storage/Projects/tests/react-course-projects/expensify-app/src/reducers/expenses.js","statementMap":{"0":{"start":{"line":1,"column":36},"end":{"line":1,"column":38}},"1":{"start":{"line":4,"column":2},"end":{"line":22,"column":3}},"2":{"start":{"line":6,"column":6},"end":{"line":6,"column":40}},"3":{"start":{"line":8,"column":6},"end":{"line":8,"column":57}},"4":{"start":{"line":8,"column":38},"end":{"line":8,"column":54}},"5":{"start":{"line":10,"column":6},"end":{"line":17,"column":9}},"6":{"start":{"line":11,"column":8},"end":{"line":16,"column":30}},"7":{"start":{"line":12,"column":10},"end":{"line":15,"column":12}},"8":{"start":{"line":16,"column":15},"end":{"line":16,"column":30}},"9":{"start":{"line":19,"column":6},"end":{"line":19,"column":29}},"10":{"start":{"line":21,"column":6},"end":{"line":21,"column":19}}},"fnMap":{"0":{"name":"(anonymous_0)","decl":{"start":{"line":3,"column":15},"end":{"line":3,"column":16}},"loc":{"start":{"line":3,"column":64},"end":{"line":23,"column":1}},"line":3},"1":{"name":"(anonymous_1)","decl":{"start":{"line":8,"column":26},"end":{"line":8,"column":27}},"loc":{"start":{"line":8,"column":38},"end":{"line":8,"column":54}},"line":8},"2":{"name":"(anonymous_2)","decl":{"start":{"line":10,"column":23},"end":{"line":10,"column":24}},"loc":{"start":{"line":10,"column":36},"end":{"line":17,"column":7}},"line":10}},"branchMap":{"0":{"loc":{"start":{"line":3,"column":16},"end":{"line":3,"column":51}},"type":"default-arg","locations":[{"start":{"line":3,"column":24},"end":{"line":3,"column":51}}],"line":3},"1":{"loc":{"start":{"line":4,"column":2},"end":{"line":22,"column":3}},"type":"switch","locations":[{"start":{"line":5,"column":4},"end":{"line":6,"column":40}},{"start":{"line":7,"column":4},"end":{"line":8,"column":57}},{"start":{"line":9,"column":4},"end":{"line":17,"column":9}},{"start":{"line":18,"column":4},"end":{"line":19,"column":29}},{"start":{"line":20,"column":4},"end":{"line":21,"column":19}}],"line":4},"2":{"loc":{"start":{"line":11,"column":8},"end":{"line":16,"column":30}},"type":"if","locations":[{"start":{"line":11,"column":8},"end":{"line":16,"column":30}},{"start":{"line":11,"column":8},"end":{"line":16,"column":30}}],"line":11}},"s":{"0":1,"1":7,"2":1,"3":2,"4":6,"5":2,"6":6,"7":1,"8":5,"9":1,"10":1},"f":{"0":7,"1":6,"2":6},"b":{"0":[1],"1":[1,2,2,1,1],"2":[1,5]},"_coverageSchema":"332fd63041d2c1bcb487cc26dd0d5f7d97098a6c","hash":"8792a59b0c24c66c9bdf2f9090eefd040ba1b4ec"}
,"/media/joana/Storage/Projects/tests/react-course-projects/expensify-app/src/reducers/filters.js": {"path":"/media/joana/Storage/Projects/tests/react-course-projects/expensify-app/src/reducers/filters.js","statementMap":{"0":{"start":{"line":3,"column":35},"end":{"line":8,"column":1}},"1":{"start":{"line":11,"column":2},"end":{"line":39,"column":3}},"2":{"start":{"line":13,"column":6},"end":{"line":16,"column":8}},"3":{"start":{"line":18,"column":6},"end":{"line":21,"column":8}},"4":{"start":{"line":23,"column":6},"end":{"line":26,"column":8}},"5":{"start":{"line":28,"column":6},"end":{"line":31,"column":8}},"6":{"start":{"line":33,"column":8},"end":{"line":36,"column":10}},"7":{"start":{"line":38,"column":6},"end":{"line":38,"column":19}}},"fnMap":{"0":{"name":"(anonymous_0)","decl":{"start":{"line":10,"column":15},"end":{"line":10,"column":16}},"loc":{"start":{"line":10,"column":63},"end":{"line":40,"column":1}},"line":10}},"branchMap":{"0":{"loc":{"start":{"line":10,"column":16},"end":{"line":10,"column":50}},"type":"default-arg","locations":[{"start":{"line":10,"column":24},"end":{"line":10,"column":50}}],"line":10},"1":{"loc":{"start":{"line":11,"column":2},"end":{"line":39,"column":3}},"type":"switch","locations":[{"start":{"line":12,"column":4},"end":{"line":16,"column":8}},{"start":{"line":17,"column":4},"end":{"line":21,"column":8}},{"start":{"line":22,"column":4},"end":{"line":26,"column":8}},{"start":{"line":27,"column":4},"end":{"line":31,"column":8}},{"start":{"line":32,"column":6},"end":{"line":36,"column":10}},{"start":{"line":37,"column":4},"end":{"line":38,"column":19}}],"line":11}},"s":{"0":1,"1":6,"2":1,"3":1,"4":1,"5":1,"6":1,"7":1},"f":{"0":6},"b":{"0":[3],"1":[1,1,1,1,1,1]},"_coverageSchema":"332fd63041d2c1bcb487cc26dd0d5f7d97098a6c","hash":"6f982e0b871f7a9edb79a8d5c4c478c151b8071b"}
,"/media/joana/Storage/Projects/tests/react-course-projects/expensify-app/src/selectors/expenses-total.js": {"path":"/media/joana/Storage/Projects/tests/react-course-projects/expensify-app/src/selectors/expenses-total.js","statementMap":{"0":{"start":{"line":2,"column":2},"end":{"line":4,"column":44}},"1":{"start":{"line":3,"column":22},"end":{"line":3,"column":36}},"2":{"start":{"line":4,"column":28},"end":{"line":4,"column":39}}},"fnMap":{"0":{"name":"(anonymous_0)","decl":{"start":{"line":1,"column":15},"end":{"line":1,"column":16}},"loc":{"start":{"line":1,"column":34},"end":{"line":5,"column":1}},"line":1},"1":{"name":"(anonymous_1)","decl":{"start":{"line":3,"column":9},"end":{"line":3,"column":10}},"loc":{"start":{"line":3,"column":22},"end":{"line":3,"column":36}},"line":3},"2":{"name":"(anonymous_2)","decl":{"start":{"line":4,"column":12},"end":{"line":4,"column":13}},"loc":{"start":{"line":4,"column":28},"end":{"line":4,"column":39}},"line":4}},"branchMap":{"0":{"loc":{"start":{"line":1,"column":16},"end":{"line":1,"column":29}},"type":"default-arg","locations":[{"start":{"line":1,"column":27},"end":{"line":1,"column":29}}],"line":1}},"s":{"0":4,"1":4,"2":4},"f":{"0":4,"1":4,"2":4},"b":{"0":[1]},"_coverageSchema":"332fd63041d2c1bcb487cc26dd0d5f7d97098a6c","hash":"7c319f8f160f74bd842809a222f8a99ea774f241"}
,"/media/joana/Storage/Projects/tests/react-course-projects/expensify-app/src/selectors/expenses.js": {"path":"/media/joana/Storage/Projects/tests/react-course-projects/expensify-app/src/selectors/expenses.js","statementMap":{"0":{"start":{"line":5,"column":2},"end":{"line":18,"column":5}},"1":{"start":{"line":6,"column":28},"end":{"line":6,"column":53}},"2":{"start":{"line":7,"column":27},"end":{"line":7,"column":94}},"3":{"start":{"line":8,"column":25},"end":{"line":8,"column":86}},"4":{"start":{"line":9,"column":22},"end":{"line":9,"column":84}},"5":{"start":{"line":11,"column":4},"end":{"line":11,"column":55}},"6":{"start":{"line":13,"column":4},"end":{"line":17,"column":5}},"7":{"start":{"line":14,"column":6},"end":{"line":14,"column":48}},"8":{"start":{"line":15,"column":11},"end":{"line":17,"column":5}},"9":{"start":{"line":16,"column":6},"end":{"line":16,"column":42}}},"fnMap":{"0":{"name":"(anonymous_0)","decl":{"start":{"line":4,"column":15},"end":{"line":4,"column":16}},"loc":{"start":{"line":4,"column":67},"end":{"line":19,"column":1}},"line":4},"1":{"name":"(anonymous_1)","decl":{"start":{"line":5,"column":25},"end":{"line":5,"column":26}},"loc":{"start":{"line":5,"column":38},"end":{"line":12,"column":3}},"line":5},"2":{"name":"(anonymous_2)","decl":{"start":{"line":12,"column":10},"end":{"line":12,"column":11}},"loc":{"start":{"line":12,"column":20},"end":{"line":18,"column":3}},"line":12}},"branchMap":{"0":{"loc":{"start":{"line":7,"column":27},"end":{"line":7,"column":94}},"type":"cond-expr","locations":[{"start":{"line":7,"column":39},"end":{"line":7,"column":87}},{"start":{"line":7,"column":90},"end":{"line":7,"column":94}}],"line":7},"1":{"loc":{"start":{"line":8,"column":25},"end":{"line":8,"column":86}},"type":"cond-expr","locations":[{"start":{"line":8,"column":34},"end":{"line":8,"column":79}},{"start":{"line":8,"column":82},"end":{"line":8,"column":86}}],"line":8},"2":{"loc":{"start":{"line":11,"column":11},"end":{"line":11,"column":54}},"type":"binary-expr","locations":[{"start":{"line":11,"column":11},"end":{"line":11,"column":25}},{"start":{"line":11,"column":29},"end":{"line":11,"column":41}},{"start":{"line":11,"column":45},"end":{"line":11,"column":54}}],"line":11},"3":{"loc":{"start":{"line":13,"column":4},"end":{"line":17,"column":5}},"type":"if","locations":[{"start":{"line":13,"column":4},"end":{"line":17,"column":5}},{"start":{"line":13,"column":4},"end":{"line":17,"column":5}}],"line":13},"4":{"loc":{"start":{"line":14,"column":13},"end":{"line":14,"column":47}},"type":"cond-expr","locations":[{"start":{"line":14,"column":41},"end":{"line":14,"column":42}},{"start":{"line":14,"column":45},"end":{"line":14,"column":47}}],"line":14},"5":{"loc":{"start":{"line":15,"column":11},"end":{"line":17,"column":5}},"type":"if","locations":[{"start":{"line":15,"column":11},"end":{"line":17,"column":5}},{"start":{"line":15,"column":11},"end":{"line":17,"column":5}}],"line":15},"6":{"loc":{"start":{"line":16,"column":13},"end":{"line":16,"column":41}},"type":"cond-expr","locations":[{"start":{"line":16,"column":35},"end":{"line":16,"column":36}},{"start":{"line":16,"column":39},"end":{"line":16,"column":41}}],"line":16}},"s":{"0":6,"1":15,"2":15,"3":15,"4":15,"5":15,"6":9,"7":6,"8":3,"9":3},"f":{"0":6,"1":15,"2":9},"b":{"0":[3,12],"1":[3,12],"2":[15,14,13],"3":[6,3],"4":[4,2],"5":[3,0],"6":[2,1]},"_coverageSchema":"332fd63041d2c1bcb487cc26dd0d5f7d97098a6c","hash":"2e95b45c8edee3925b2285aed745557ce1fbdf91"}
,"/media/joana/Storage/Projects/tests/react-course-projects/expensify-app/src/tests/setupTests.js": {"path":"/media/joana/Storage/Projects/tests/react-course-projects/expensify-app/src/tests/setupTests.js","statementMap":{"0":{"start":{"line":5,"column":0},"end":{"line":7,"column":3}},"1":{"start":{"line":10,"column":0},"end":{"line":10,"column":37}}},"fnMap":{},"branchMap":{},"s":{"0":21,"1":21},"f":{},"b":{},"_coverageSchema":"332fd63041d2c1bcb487cc26dd0d5f7d97098a6c","hash":"e418e731ae86f37d330593e85fc7b39ce8440ed3"}
,"/media/joana/Storage/Projects/tests/react-course-projects/expensify-app/src/tests/fixtures/expenses.js": {"path":"/media/joana/Storage/Projects/tests/react-course-projects/expensify-app/src/tests/fixtures/expenses.js","statementMap":{},"fnMap":{},"branchMap":{},"s":{},"f":{},"b":{},"_coverageSchema":"332fd63041d2c1bcb487cc26dd0d5f7d97098a6c","hash":"4b1f860dd8d70c1b6abf6d0df936f40fb9f1a3f2"}
,"/media/joana/Storage/Projects/tests/react-course-projects/expensify-app/src/tests/fixtures/filters.js": {"path":"/media/joana/Storage/Projects/tests/react-course-projects/expensify-app/src/tests/fixtures/filters.js","statementMap":{"0":{"start":{"line":3,"column":16},"end":{"line":8,"column":1}},"1":{"start":{"line":10,"column":19},"end":{"line":15,"column":1}}},"fnMap":{},"branchMap":{},"s":{"0":1,"1":1},"f":{},"b":{},"_coverageSchema":"332fd63041d2c1bcb487cc26dd0d5f7d97098a6c","hash":"977c1505ac662288039964920b84d917c94ccab9"}
}
