TN:
SF:/media/joana/Storage/Projects/tests/react-course-projects/expensify-app/src/actions/auth.js
FN:3,(anonymous_0)
FN:11,(anonymous_1)
FN:15,(anonymous_2)
FN:16,(anonymous_3)
FN:28,(anonymous_4)
FN:29,(anonymous_5)
FNF:6
FNH:4
FNDA:1,(anonymous_0)
FNDA:1,(anonymous_1)
FNDA:1,(anonymous_2)
FNDA:0,(anonymous_3)
FNDA:1,(anonymous_4)
FNDA:0,(anonymous_5)
DA:3,3
DA:11,3
DA:15,3
DA:16,1
DA:17,0
DA:19,0
DA:21,0
DA:23,0
DA:28,3
DA:29,1
DA:30,0
LF:11
LH:6
BRDA:17,0,0,0
BRDA:17,0,1,0
BRDA:17,0,2,0
BRF:3
BRH:0
end_of_record
TN:
SF:/media/joana/Storage/Projects/tests/react-course-projects/expensify-app/src/actions/expenses.js
FN:4,(anonymous_0)
FN:9,(anonymous_1)
FN:10,(anonymous_2)
FN:27,(anonymous_3)
FN:37,(anonymous_4)
FN:42,(anonymous_5)
FN:43,(anonymous_6)
FN:46,(anonymous_7)
FN:52,(anonymous_8)
FN:58,(anonymous_9)
FN:59,(anonymous_10)
FN:62,(anonymous_11)
FN:66,(anonymous_12)
FN:71,(anonymous_13)
FN:72,(anonymous_14)
FN:75,(anonymous_15)
FN:77,(anonymous_16)
FNF:17
FNH:17
FNDA:3,(anonymous_0)
FNDA:2,(anonymous_1)
FNDA:2,(anonymous_2)
FNDA:2,(anonymous_3)
FNDA:2,(anonymous_4)
FNDA:1,(anonymous_5)
FNDA:1,(anonymous_6)
FNDA:1,(anonymous_7)
FNDA:2,(anonymous_8)
FNDA:1,(anonymous_9)
FNDA:1,(anonymous_10)
FNDA:1,(anonymous_11)
FNDA:2,(anonymous_12)
FNDA:1,(anonymous_13)
FNDA:1,(anonymous_14)
FNDA:1,(anonymous_15)
FNDA:3,(anonymous_16)
DA:4,3
DA:9,3
DA:10,2
DA:11,2
DA:17,2
DA:19,2
DA:26,2
DA:28,2
DA:37,3
DA:42,3
DA:43,1
DA:44,1
DA:45,1
DA:47,1
DA:52,3
DA:58,3
DA:59,1
DA:60,1
DA:61,1
DA:62,1
DA:66,3
DA:71,3
DA:72,1
DA:73,1
DA:74,1
DA:76,1
DA:77,1
DA:78,3
DA:84,1
LF:29
LH:29
BRDA:9,0,0,0
BRDA:13,1,0,1
BRDA:14,2,0,1
BRDA:15,3,0,1
BRDA:16,4,0,1
BRDA:42,5,0,0
BRF:6
BRH:4
end_of_record
TN:
SF:/media/joana/Storage/Projects/tests/react-course-projects/expensify-app/src/actions/filters.js
FN:1,(anonymous_0)
FN:6,(anonymous_1)
FN:10,(anonymous_2)
FN:14,(anonymous_3)
FN:19,(anonymous_4)
FNF:5
FNH:5
FNDA:2,(anonymous_0)
FNDA:1,(anonymous_1)
FNDA:1,(anonymous_2)
FNDA:1,(anonymous_3)
FNDA:1,(anonymous_4)
DA:1,3
DA:6,3
DA:10,3
DA:14,3
DA:19,3
LF:5
LH:5
BRDA:1,0,0,1
BRF:1
BRH:1
end_of_record
TN:
SF:/media/joana/Storage/Projects/tests/react-course-projects/expensify-app/src/components/AddExpensePage.js
FN:7,(anonymous_0)
FN:12,(anonymous_1)
FN:16,(anonymous_2)
FN:35,(anonymous_3)
FN:36,(anonymous_4)
FNF:5
FNH:2
FNDA:1,(anonymous_0)
FNDA:0,(anonymous_1)
FNDA:2,(anonymous_2)
FNDA:0,(anonymous_3)
FNDA:0,(anonymous_4)
DA:8,1
DA:9,1
DA:13,0
DA:17,2
DA:35,1
DA:36,0
LF:6
LH:4
BRF:0
BRH:0
end_of_record
TN:
SF:/media/joana/Storage/Projects/tests/react-course-projects/expensify-app/src/components/EditExpensePage.js
FN:12,(anonymous_0)
FN:13,(anonymous_1)
FN:16,(anonymous_2)
FN:17,(anonymous_3)
FN:20,(anonymous_4)
FN:25,(anonymous_5)
FN:30,(anonymous_6)
FN:46,(anonymous_7)
FN:69,(anonymous_8)
FN:70,(anonymous_9)
FN:73,(anonymous_10)
FN:74,(anonymous_11)
FN:75,(anonymous_12)
FNF:13
FNH:2
FNDA:0,(anonymous_0)
FNDA:0,(anonymous_1)
FNDA:0,(anonymous_2)
FNDA:0,(anonymous_3)
FNDA:0,(anonymous_4)
FNDA:1,(anonymous_5)
FNDA:0,(anonymous_6)
FNDA:2,(anonymous_7)
FNDA:0,(anonymous_8)
FNDA:0,(anonymous_9)
FNDA:0,(anonymous_10)
FNDA:0,(anonymous_11)
FNDA:0,(anonymous_12)
DA:13,0
DA:17,0
DA:21,0
DA:22,0
DA:26,1
DA:27,1
DA:31,0
DA:47,2
DA:69,1
DA:70,0
DA:73,1
DA:74,0
DA:75,0
LF:13
LH:5
BRF:0
BRH:0
end_of_record
TN:
SF:/media/joana/Storage/Projects/tests/react-course-projects/expensify-app/src/components/ExpenseDashboardPage.js
FN:6,(anonymous_0)
FNF:1
FNH:1
FNDA:1,(anonymous_0)
DA:6,1
DA:7,1
LF:2
LH:2
BRF:0
BRH:0
end_of_record
TN:
SF:/media/joana/Storage/Projects/tests/react-course-projects/expensify-app/src/components/ExpenseForm.js
FN:15,(anonymous_0)
FN:28,(anonymous_1)
FN:30,(anonymous_2)
FN:33,(anonymous_3)
FN:35,(anonymous_4)
FN:38,(anonymous_5)
FN:41,(anonymous_6)
FN:45,(anonymous_7)
FN:47,(anonymous_8)
FN:51,(anonymous_9)
FN:52,(anonymous_10)
FN:55,(anonymous_11)
FN:59,(anonymous_12)
FN:61,(anonymous_13)
FN:71,(anonymous_14)
FN:98,(anonymous_15)
FNF:16
FNH:15
FNDA:10,(anonymous_0)
FNDA:1,(anonymous_1)
FNDA:1,(anonymous_2)
FNDA:1,(anonymous_3)
FNDA:1,(anonymous_4)
FNDA:2,(anonymous_5)
FNDA:1,(anonymous_6)
FNDA:1,(anonymous_7)
FNDA:1,(anonymous_8)
FNDA:1,(anonymous_9)
FNDA:1,(anonymous_10)
FNDA:2,(anonymous_11)
FNDA:1,(anonymous_12)
FNDA:1,(anonymous_13)
FNDA:17,(anonymous_14)
FNDA:0,(anonymous_15)
DA:16,10
DA:18,10
DA:29,1
DA:30,1
DA:34,1
DA:35,1
DA:39,2
DA:40,2
DA:41,1
DA:46,1
DA:47,1
DA:52,1
DA:56,2
DA:58,2
DA:59,1
DA:61,1
DA:62,1
DA:72,17
DA:98,0
LF:19
LH:18
BRDA:19,0,0,2
BRDA:19,0,1,8
BRDA:20,1,0,2
BRDA:20,1,1,8
BRDA:21,2,0,2
BRDA:21,2,1,8
BRDA:22,3,0,2
BRDA:22,3,1,8
BRDA:40,4,0,1
BRDA:40,4,1,1
BRDA:40,5,0,2
BRDA:40,5,1,2
BRDA:46,6,0,1
BRDA:46,6,1,0
BRDA:58,7,0,1
BRDA:58,7,1,1
BRDA:58,8,0,2
BRDA:58,8,1,1
BRDA:74,9,0,17
BRDA:74,9,1,1
BRF:20
BRH:19
end_of_record
TN:
SF:/media/joana/Storage/Projects/tests/react-course-projects/expensify-app/src/components/ExpenseList.js
FN:6,(anonymous_0)
FN:20,(anonymous_1)
FN:29,(anonymous_2)
FNF:3
FNH:2
FNDA:2,(anonymous_0)
FNDA:3,(anonymous_1)
FNDA:0,(anonymous_2)
DA:6,2
DA:7,2
DA:21,3
DA:29,2
LF:4
LH:4
BRDA:15,0,0,1
BRDA:15,0,1,1
BRF:2
BRH:2
end_of_record
TN:
SF:/media/joana/Storage/Projects/tests/react-course-projects/expensify-app/src/components/ExpenseListFilters.js
FN:11,(anonymous_0)
FN:16,(anonymous_1)
FN:17,(anonymous_2)
FN:20,(anonymous_3)
FN:24,(anonymous_4)
FN:29,(anonymous_5)
FN:51,(anonymous_6)
FN:60,(anonymous_7)
FN:64,(anonymous_8)
FN:65,(anonymous_9)
FN:66,(anonymous_10)
FN:67,(anonymous_11)
FN:68,(anonymous_12)
FN:69,(anonymous_13)
FNF:14
FNH:6
FNDA:1,(anonymous_0)
FNDA:1,(anonymous_1)
FNDA:1,(anonymous_2)
FNDA:1,(anonymous_3)
FNDA:2,(anonymous_4)
FNDA:10,(anonymous_5)
FNDA:0,(anonymous_6)
FNDA:0,(anonymous_7)
FNDA:0,(anonymous_8)
FNDA:0,(anonymous_9)
FNDA:0,(anonymous_10)
FNDA:0,(anonymous_11)
FNDA:0,(anonymous_12)
FNDA:0,(anonymous_13)
DA:12,1
DA:13,1
DA:17,1
DA:21,1
DA:25,2
DA:26,1
DA:30,10
DA:51,0
DA:60,2
DA:64,2
DA:65,0
DA:66,0
DA:67,0
DA:68,0
DA:69,0
LF:15
LH:9
BRDA:25,0,0,1
BRDA:25,0,1,1
BRDA:26,1,0,1
BRDA:26,1,1,0
BRF:4
BRH:3
end_of_record
TN:
SF:/media/joana/Storage/Projects/tests/react-course-projects/expensify-app/src/components/ExpenseListItem.js
FN:6,(anonymous_0)
FNF:1
FNH:1
FNDA:1,(anonymous_0)
DA:6,3
DA:7,1
LF:2
LH:2
BRF:0
BRH:0
end_of_record
TN:
SF:/media/joana/Storage/Projects/tests/react-course-projects/expensify-app/src/components/ExpensesSummary.js
FN:8,(anonymous_0)
FN:21,(anonymous_1)
FNF:2
FNH:1
FNDA:2,(anonymous_0)
FNDA:0,(anonymous_1)
DA:8,2
DA:9,2
DA:21,2
DA:22,0
DA:23,0
LF:5
LH:3
BRDA:26,0,0,0
BRDA:26,0,1,0
BRF:2
BRH:0
end_of_record
TN:
SF:/media/joana/Storage/Projects/tests/react-course-projects/expensify-app/src/components/Header.js
FN:6,(anonymous_0)
FN:23,(anonymous_1)
FN:28,(anonymous_2)
FN:29,(anonymous_3)
FNF:4
FNH:1
FNDA:2,(anonymous_0)
FNDA:0,(anonymous_1)
FNDA:0,(anonymous_2)
FNDA:0,(anonymous_3)
DA:6,1
DA:7,2
DA:23,1
DA:28,1
DA:29,0
LF:5
LH:4
BRF:0
BRH:0
end_of_record
TN:
SF:/media/joana/Storage/Projects/tests/react-course-projects/expensify-app/src/components/LoadingPage.js
FN:3,(anonymous_0)
FNF:1
FNH:1
FNDA:2,(anonymous_0)
DA:3,1
DA:4,2
LF:2
LH:2
BRF:0
BRH:0
end_of_record
TN:
SF:/media/joana/Storage/Projects/tests/react-course-projects/expensify-app/src/components/LoginPage.js
FN:5,(anonymous_0)
FN:10,(anonymous_1)
FN:11,(anonymous_2)
FN:12,(anonymous_3)
FN:17,(anonymous_4)
FN:18,(anonymous_5)
FNF:6
FNH:4
FNDA:3,(anonymous_0)
FNDA:1,(anonymous_1)
FNDA:1,(anonymous_2)
FNDA:1,(anonymous_3)
FNDA:0,(anonymous_4)
FNDA:0,(anonymous_5)
DA:5,1
DA:6,3
DA:10,1
DA:11,1
DA:12,1
DA:17,1
DA:18,0
LF:7
LH:6
BRF:0
BRH:0
end_of_record
TN:
SF:/media/joana/Storage/Projects/tests/react-course-projects/expensify-app/src/components/NotFoundPage.js
FN:4,(anonymous_0)
FNF:1
FNH:1
FNDA:1,(anonymous_0)
DA:4,1
DA:5,1
LF:2
LH:2
BRF:0
BRH:0
end_of_record
TN:
SF:/media/joana/Storage/Projects/tests/react-course-projects/expensify-app/src/components/Prompt.js
FN:5,(anonymous_0)
FN:6,(anonymous_1)
FNF:2
FNH:2
FNDA:3,(anonymous_0)
FNDA:2,(anonymous_1)
DA:5,2
DA:6,3
DA:7,2
DA:10,3
DA:30,2
LF:5
LH:5
BRDA:5,0,0,1
BRF:1
BRH:1
end_of_record
TN:
SF:/media/joana/Storage/Projects/tests/react-course-projects/expensify-app/src/firebase/firebase.js
FNF:0
FNH:0
DA:4,6
DA:13,6
DA:15,6
DA:16,6
DA:17,6
DA:18,6
LF:6
LH:6
BRF:0
BRH:0
end_of_record
TN:
SF:/media/joana/Storage/Projects/tests/react-course-projects/expensify-app/src/reducers/auth.js
FN:1,(anonymous_0)
FNF:1
FNH:1
FNDA:3,(anonymous_0)
DA:2,3
DA:4,1
DA:11,1
DA:13,1
LF:4
LH:4
BRDA:1,0,0,1
BRDA:2,1,0,1
BRDA:2,1,1,1
BRDA:2,1,2,1
BRF:4
BRH:4
end_of_record
TN:
SF:/media/joana/Storage/Projects/tests/react-course-projects/expensify-app/src/reducers/expenses.js
FN:3,(anonymous_0)
FN:8,(anonymous_1)
FN:10,(anonymous_2)
FNF:3
FNH:3
FNDA:7,(anonymous_0)
FNDA:6,(anonymous_1)
FNDA:6,(anonymous_2)
DA:1,1
DA:4,7
DA:6,1
DA:8,6
DA:10,2
DA:11,6
DA:12,1
DA:16,5
DA:19,1
DA:21,1
LF:10
LH:10
BRDA:3,0,0,1
BRDA:4,1,0,1
BRDA:4,1,1,2
BRDA:4,1,2,2
BRDA:4,1,3,1
BRDA:4,1,4,1
BRDA:11,2,0,1
BRDA:11,2,1,5
BRF:8
BRH:8
end_of_record
TN:
SF:/media/joana/Storage/Projects/tests/react-course-projects/expensify-app/src/reducers/filters.js
FN:10,(anonymous_0)
FNF:1
FNH:1
FNDA:6,(anonymous_0)
DA:3,1
DA:11,6
DA:13,1
DA:18,1
DA:23,1
DA:28,1
DA:33,1
DA:38,1
LF:8
LH:8
BRDA:10,0,0,3
BRDA:11,1,0,1
BRDA:11,1,1,1
BRDA:11,1,2,1
BRDA:11,1,3,1
BRDA:11,1,4,1
BRDA:11,1,5,1
BRF:7
BRH:7
end_of_record
TN:
SF:/media/joana/Storage/Projects/tests/react-course-projects/expensify-app/src/selectors/expenses-total.js
FN:1,(anonymous_0)
FN:3,(anonymous_1)
FN:4,(anonymous_2)
FNF:3
FNH:3
FNDA:4,(anonymous_0)
FNDA:4,(anonymous_1)
FNDA:4,(anonymous_2)
DA:2,4
DA:3,4
DA:4,4
LF:3
LH:3
BRDA:1,0,0,1
BRF:1
BRH:1
end_of_record
TN:
SF:/media/joana/Storage/Projects/tests/react-course-projects/expensify-app/src/selectors/expenses.js
FN:4,(anonymous_0)
FN:5,(anonymous_1)
FN:12,(anonymous_2)
FNF:3
FNH:3
FNDA:6,(anonymous_0)
FNDA:15,(anonymous_1)
FNDA:9,(anonymous_2)
DA:5,6
DA:6,15
DA:7,15
DA:8,15
DA:9,15
DA:11,15
DA:13,9
DA:14,6
DA:15,3
DA:16,3
LF:10
LH:10
BRDA:7,0,0,3
BRDA:7,0,1,12
BRDA:8,1,0,3
BRDA:8,1,1,12
BRDA:11,2,0,15
BRDA:11,2,1,14
BRDA:11,2,2,13
BRDA:13,3,0,6
BRDA:13,3,1,3
BRDA:14,4,0,4
BRDA:14,4,1,2
BRDA:15,5,0,3
BRDA:15,5,1,0
BRDA:16,6,0,2
BRDA:16,6,1,1
BRF:15
BRH:14
end_of_record
TN:
SF:/media/joana/Storage/Projects/tests/react-course-projects/expensify-app/src/tests/setupTests.js
FNF:0
FNH:0
DA:5,21
DA:10,21
LF:2
LH:2
BRF:0
BRH:0
end_of_record
TN:
SF:/media/joana/Storage/Projects/tests/react-course-projects/expensify-app/src/tests/fixtures/expenses.js
FNF:0
FNH:0
LF:0
LH:0
BRF:0
BRH:0
end_of_record
TN:
SF:/media/joana/Storage/Projects/tests/react-course-projects/expensify-app/src/tests/fixtures/filters.js
FNF:0
FNH:0
DA:3,1
DA:10,1
LF:2
LH:2
BRF:0
BRH:0
end_of_record
